[ERROR] 2023-05-21 18:34:38 DefaultTransportRequest - No more fallback transports after TransportRequest[url=ws://localhost:8080/notifications/781/9ee5f5cc1f6449eb9643a69af8abc4f8/websocket]
java.util.concurrent.CompletionException: jakarta.websocket.DeploymentException: The HTTP response from the server [200] did not permit the HTTP upgrade to WebSocket
	at org.springframework.util.concurrent.FutureUtils.lambda$toSupplier$0(FutureUtils.java:78) ~[spring-core-6.0.8.jar:6.0.8]
	at java.util.concurrent.CompletableFuture$AsyncSupply.run(CompletableFuture.java:1768) ~[?:?]
	at java.lang.Thread.run(Thread.java:833) ~[?:?]
Caused by: jakarta.websocket.DeploymentException: The HTTP response from the server [200] did not permit the HTTP upgrade to WebSocket
	at org.apache.tomcat.websocket.WsWebSocketContainer.connectToServerRecursive(WsWebSocketContainer.java:384) ~[tomcat-embed-websocket-10.1.8.jar:10.1.8]
	at org.apache.tomcat.websocket.WsWebSocketContainer.connectToServer(WsWebSocketContainer.java:179) ~[tomcat-embed-websocket-10.1.8.jar:10.1.8]
	at org.springframework.web.socket.client.standard.StandardWebSocketClient.lambda$executeInternal$0(StandardWebSocketClient.java:150) ~[spring-websocket-6.0.8.jar:6.0.8]
	at org.springframework.util.concurrent.FutureUtils.lambda$toSupplier$0(FutureUtils.java:74) ~[spring-core-6.0.8.jar:6.0.8]
	... 2 more
[ERROR] 2023-05-21 18:47:23 DefaultTransportRequest - No more fallback transports after TransportRequest[url=ws://localhost:8080/notifications/51/12f880a7e2a141038a0def63602581ea/websocket]
java.util.concurrent.CompletionException: jakarta.websocket.DeploymentException: The HTTP response from the server [200] did not permit the HTTP upgrade to WebSocket
	at org.springframework.util.concurrent.FutureUtils.lambda$toSupplier$0(FutureUtils.java:78) ~[spring-core-6.0.8.jar:6.0.8]
	at java.util.concurrent.CompletableFuture$AsyncSupply.run(CompletableFuture.java:1768) ~[?:?]
	at java.lang.Thread.run(Thread.java:833) ~[?:?]
Caused by: jakarta.websocket.DeploymentException: The HTTP response from the server [200] did not permit the HTTP upgrade to WebSocket
	at org.apache.tomcat.websocket.WsWebSocketContainer.connectToServerRecursive(WsWebSocketContainer.java:384) ~[tomcat-embed-websocket-10.1.8.jar:10.1.8]
	at org.apache.tomcat.websocket.WsWebSocketContainer.connectToServer(WsWebSocketContainer.java:179) ~[tomcat-embed-websocket-10.1.8.jar:10.1.8]
	at org.springframework.web.socket.client.standard.StandardWebSocketClient.lambda$executeInternal$0(StandardWebSocketClient.java:150) ~[spring-websocket-6.0.8.jar:6.0.8]
	at org.springframework.util.concurrent.FutureUtils.lambda$toSupplier$0(FutureUtils.java:74) ~[spring-core-6.0.8.jar:6.0.8]
	... 2 more
[ERROR] 2023-05-21 18:51:31 DefaultTransportRequest - No more fallback transports after TransportRequest[url=ws://localhost:8080/notifications/493/805f33018e5e4e63a60519960c06e60b/websocket]
java.util.concurrent.CompletionException: jakarta.websocket.DeploymentException: The HTTP response from the server [200] did not permit the HTTP upgrade to WebSocket
	at org.springframework.util.concurrent.FutureUtils.lambda$toSupplier$0(FutureUtils.java:78) ~[spring-core-6.0.8.jar:6.0.8]
	at java.util.concurrent.CompletableFuture$AsyncSupply.run(CompletableFuture.java:1768) ~[?:?]
	at java.lang.Thread.run(Thread.java:833) ~[?:?]
Caused by: jakarta.websocket.DeploymentException: The HTTP response from the server [200] did not permit the HTTP upgrade to WebSocket
	at org.apache.tomcat.websocket.WsWebSocketContainer.connectToServerRecursive(WsWebSocketContainer.java:384) ~[tomcat-embed-websocket-10.1.8.jar:10.1.8]
	at org.apache.tomcat.websocket.WsWebSocketContainer.connectToServer(WsWebSocketContainer.java:179) ~[tomcat-embed-websocket-10.1.8.jar:10.1.8]
	at org.springframework.web.socket.client.standard.StandardWebSocketClient.lambda$executeInternal$0(StandardWebSocketClient.java:150) ~[spring-websocket-6.0.8.jar:6.0.8]
	at org.springframework.util.concurrent.FutureUtils.lambda$toSupplier$0(FutureUtils.java:74) ~[spring-core-6.0.8.jar:6.0.8]
	... 2 more
[ERROR] 2023-05-21 18:56:30 DefaultTransportRequest - No more fallback transports after TransportRequest[url=ws://localhost:8080/notifications/438/e41eb8fd5d724b1a9cf38d4942842499/websocket]
java.util.concurrent.CompletionException: jakarta.websocket.DeploymentException: The HTTP response from the server [200] did not permit the HTTP upgrade to WebSocket
	at org.springframework.util.concurrent.FutureUtils.lambda$toSupplier$0(FutureUtils.java:78) ~[spring-core-6.0.8.jar:6.0.8]
	at java.util.concurrent.CompletableFuture$AsyncSupply.run(CompletableFuture.java:1768) ~[?:?]
	at java.lang.Thread.run(Thread.java:833) ~[?:?]
Caused by: jakarta.websocket.DeploymentException: The HTTP response from the server [200] did not permit the HTTP upgrade to WebSocket
	at org.apache.tomcat.websocket.WsWebSocketContainer.connectToServerRecursive(WsWebSocketContainer.java:384) ~[tomcat-embed-websocket-10.1.8.jar:10.1.8]
	at org.apache.tomcat.websocket.WsWebSocketContainer.connectToServer(WsWebSocketContainer.java:179) ~[tomcat-embed-websocket-10.1.8.jar:10.1.8]
	at org.springframework.web.socket.client.standard.StandardWebSocketClient.lambda$executeInternal$0(StandardWebSocketClient.java:150) ~[spring-websocket-6.0.8.jar:6.0.8]
	at org.springframework.util.concurrent.FutureUtils.lambda$toSupplier$0(FutureUtils.java:74) ~[spring-core-6.0.8.jar:6.0.8]
	... 2 more
[ERROR] 2023-05-21 18:59:34 SockJsClient - Initial SockJS "Info" request to server failed, url=https://localhost:8080/notifications
org.springframework.web.client.ResourceAccessException: I/O error on GET request for "https://localhost:8080/notifications/info": Unsupported or unrecognized SSL message
	at org.springframework.web.client.RestTemplate.createResourceAccessException(RestTemplate.java:888) ~[spring-web-6.0.8.jar:6.0.8]
	at org.springframework.web.client.RestTemplate.doExecute(RestTemplate.java:868) ~[spring-web-6.0.8.jar:6.0.8]
	at org.springframework.web.client.RestTemplate.execute(RestTemplate.java:804) ~[spring-web-6.0.8.jar:6.0.8]
	at org.springframework.web.socket.sockjs.client.RestTemplateXhrTransport.executeInfoRequestInternal(RestTemplateXhrTransport.java:138) ~[spring-websocket-6.0.8.jar:6.0.8]
	at org.springframework.web.socket.sockjs.client.AbstractXhrTransport.executeInfoRequest(AbstractXhrTransport.java:134) ~[spring-websocket-6.0.8.jar:6.0.8]
	at org.springframework.web.socket.sockjs.client.SockJsClient.getServerInfo(SockJsClient.java:280) ~[spring-websocket-6.0.8.jar:6.0.8]
	at org.springframework.web.socket.sockjs.client.SockJsClient.execute(SockJsClient.java:246) ~[spring-websocket-6.0.8.jar:6.0.8]
	at org.springframework.web.socket.messaging.WebSocketStompClient.connectAsync(WebSocketStompClient.java:354) ~[spring-websocket-6.0.8.jar:6.0.8]
	at org.springframework.web.socket.messaging.WebSocketStompClient.connectAsync(WebSocketStompClient.java:313) ~[spring-websocket-6.0.8.jar:6.0.8]
	at org.springframework.web.socket.messaging.WebSocketStompClient.connectAsync(WebSocketStompClient.java:270) ~[spring-websocket-6.0.8.jar:6.0.8]
	at org.springframework.web.socket.messaging.WebSocketStompClient.connectAsync(WebSocketStompClient.java:233) ~[spring-websocket-6.0.8.jar:6.0.8]
	at org.springframework.web.socket.messaging.WebSocketStompClient.connect(WebSocketStompClient.java:219) ~[spring-websocket-6.0.8.jar:6.0.8]
	at application.views.MainLayout.<init>(MainLayout.java:75) ~[classes/:?]
	at jdk.internal.reflect.DirectConstructorHandleAccessor.newInstance(DirectConstructorHandleAccessor.java:67) ~[?:?]
	at java.lang.reflect.Constructor.newInstanceWithCaller(Constructor.java:499) ~[?:?]
	at java.lang.reflect.Constructor.newInstance(Constructor.java:483) ~[?:?]
	at org.springframework.beans.BeanUtils.instantiateClass(BeanUtils.java:198) ~[spring-beans-6.0.8.jar:6.0.8]
	at org.springframework.beans.factory.support.SimpleInstantiationStrategy.instantiate(SimpleInstantiationStrategy.java:110) ~[spring-beans-6.0.8.jar:6.0.8]
	at org.springframework.beans.factory.support.ConstructorResolver.instantiate(ConstructorResolver.java:323) ~[spring-beans-6.0.8.jar:6.0.8]
	at org.springframework.beans.factory.support.ConstructorResolver.autowireConstructor(ConstructorResolver.java:194) ~[spring-beans-6.0.8.jar:6.0.8]
	at org.springframework.beans.factory.support.AbstractAutowireCapableBeanFactory.autowireConstructor(AbstractAutowireCapableBeanFactory.java:1352) ~[spring-beans-6.0.8.jar:6.0.8]
	at org.springframework.beans.factory.support.AbstractAutowireCapableBeanFactory.createBeanInstance(AbstractAutowireCapableBeanFactory.java:1195) ~[spring-beans-6.0.8.jar:6.0.8]
	at org.springframework.beans.factory.support.AbstractAutowireCapableBeanFactory.doCreateBean(AbstractAutowireCapableBeanFactory.java:560) ~[spring-beans-6.0.8.jar:6.0.8]
	at org.springframework.beans.factory.support.AbstractAutowireCapableBeanFactory.createBean(AbstractAutowireCapableBeanFactory.java:520) ~[spring-beans-6.0.8.jar:6.0.8]
	at org.springframework.beans.factory.support.AbstractAutowireCapableBeanFactory.createBean(AbstractAutowireCapableBeanFactory.java:320) ~[spring-beans-6.0.8.jar:6.0.8]
	at com.vaadin.flow.spring.SpringInstantiator.getOrCreate(SpringInstantiator.java:121) ~[vaadin-spring-24.0.6.jar:?]
	at com.vaadin.flow.di.Instantiator.createRouteTarget(Instantiator.java:136) ~[flow-server-24.0.6.jar:24.0.6]
	at com.vaadin.flow.router.internal.AbstractNavigationStateRenderer.lambda$getRouteTarget$1(AbstractNavigationStateRenderer.java:133) ~[flow-server-24.0.6.jar:24.0.6]
	at java.util.Optional.orElseGet(Optional.java:364) ~[?:?]
	at com.vaadin.flow.router.internal.AbstractNavigationStateRenderer.getRouteTarget(AbstractNavigationStateRenderer.java:132) ~[flow-server-24.0.6.jar:24.0.6]
	at com.vaadin.flow.router.internal.AbstractNavigationStateRenderer.sendBeforeEnterEventAndPopulateChain(AbstractNavigationStateRenderer.java:493) ~[flow-server-24.0.6.jar:24.0.6]
	at com.vaadin.flow.router.internal.AbstractNavigationStateRenderer.createChainIfEmptyAndExecuteBeforeEnterNavigation(AbstractNavigationStateRenderer.java:474) ~[flow-server-24.0.6.jar:24.0.6]
	at com.vaadin.flow.router.internal.AbstractNavigationStateRenderer.handle(AbstractNavigationStateRenderer.java:212) ~[flow-server-24.0.6.jar:24.0.6]
	at com.vaadin.flow.component.internal.JavaScriptNavigationStateRenderer.handle(JavaScriptNavigationStateRenderer.java:78) ~[flow-server-24.0.6.jar:24.0.6]
	at com.vaadin.flow.component.UI.handleNavigation(UI.java:1785) ~[flow-server-24.0.6.jar:24.0.6]
	at com.vaadin.flow.component.UI.renderViewForRoute(UI.java:1748) ~[flow-server-24.0.6.jar:24.0.6]
	at com.vaadin.flow.component.UI.connectClient(UI.java:1661) ~[flow-server-24.0.6.jar:24.0.6]
	at jdk.internal.reflect.DirectMethodHandleAccessor.invoke(DirectMethodHandleAccessor.java:104) ~[?:?]
	at java.lang.reflect.Method.invoke(Method.java:577) ~[?:?]
	at com.vaadin.flow.server.communication.rpc.PublishedServerEventHandlerRpcHandler.invokeMethod(PublishedServerEventHandlerRpcHandler.java:222) ~[flow-server-24.0.6.jar:24.0.6]
	at com.vaadin.flow.server.communication.rpc.PublishedServerEventHandlerRpcHandler.invokeMethod(PublishedServerEventHandlerRpcHandler.java:199) ~[flow-server-24.0.6.jar:24.0.6]
	at com.vaadin.flow.server.communication.rpc.PublishedServerEventHandlerRpcHandler.invokeMethod(PublishedServerEventHandlerRpcHandler.java:149) ~[flow-server-24.0.6.jar:24.0.6]
	at com.vaadin.flow.server.communication.rpc.PublishedServerEventHandlerRpcHandler.handleNode(PublishedServerEventHandlerRpcHandler.java:132) ~[flow-server-24.0.6.jar:24.0.6]
	at com.vaadin.flow.server.communication.rpc.AbstractRpcInvocationHandler.handle(AbstractRpcInvocationHandler.java:74) ~[flow-server-24.0.6.jar:24.0.6]
	at com.vaadin.flow.server.communication.ServerRpcHandler.handleInvocationData(ServerRpcHandler.java:438) ~[flow-server-24.0.6.jar:24.0.6]
	at com.vaadin.flow.server.communication.ServerRpcHandler.lambda$handleInvocations$1(ServerRpcHandler.java:419) ~[flow-server-24.0.6.jar:24.0.6]
	at java.util.ArrayList.forEach(ArrayList.java:1511) ~[?:?]
	at com.vaadin.flow.server.communication.ServerRpcHandler.handleInvocations(ServerRpcHandler.java:419) ~[flow-server-24.0.6.jar:24.0.6]
	at com.vaadin.flow.server.communication.ServerRpcHandler.handleRpc(ServerRpcHandler.java:320) ~[flow-server-24.0.6.jar:24.0.6]
	at com.vaadin.flow.server.communication.UidlRequestHandler.synchronizedHandleRequest(UidlRequestHandler.java:114) ~[flow-server-24.0.6.jar:24.0.6]
	at com.vaadin.flow.server.SynchronizedRequestHandler.handleRequest(SynchronizedRequestHandler.java:40) ~[flow-server-24.0.6.jar:24.0.6]
	at com.vaadin.flow.server.VaadinService.handleRequest(VaadinService.java:1529) ~[flow-server-24.0.6.jar:24.0.6]
	at com.vaadin.flow.server.VaadinServlet.service(VaadinServlet.java:399) ~[flow-server-24.0.6.jar:24.0.6]
	at com.vaadin.flow.spring.SpringServlet.service(SpringServlet.java:106) ~[vaadin-spring-24.0.6.jar:?]
	at jakarta.servlet.http.HttpServlet.service(HttpServlet.java:658) ~[tomcat-embed-core-10.1.8.jar:6.0]
	at org.apache.catalina.core.ApplicationFilterChain.internalDoFilter(ApplicationFilterChain.java:205) ~[tomcat-embed-core-10.1.8.jar:10.1.8]
	at org.apache.catalina.core.ApplicationFilterChain.doFilter(ApplicationFilterChain.java:149) ~[tomcat-embed-core-10.1.8.jar:10.1.8]
	at org.apache.catalina.core.ApplicationDispatcher.invoke(ApplicationDispatcher.java:642) ~[tomcat-embed-core-10.1.8.jar:10.1.8]
	at org.apache.catalina.core.ApplicationDispatcher.processRequest(ApplicationDispatcher.java:408) ~[tomcat-embed-core-10.1.8.jar:10.1.8]
	at org.apache.catalina.core.ApplicationDispatcher.doForward(ApplicationDispatcher.java:313) ~[tomcat-embed-core-10.1.8.jar:10.1.8]
	at org.apache.catalina.core.ApplicationDispatcher.forward(ApplicationDispatcher.java:277) ~[tomcat-embed-core-10.1.8.jar:10.1.8]
	at org.springframework.web.servlet.mvc.ServletForwardingController.handleRequestInternal(ServletForwardingController.java:141) ~[spring-webmvc-6.0.8.jar:6.0.8]
	at org.springframework.web.servlet.mvc.AbstractController.handleRequest(AbstractController.java:178) ~[spring-webmvc-6.0.8.jar:6.0.8]
	at org.springframework.web.servlet.mvc.SimpleControllerHandlerAdapter.handle(SimpleControllerHandlerAdapter.java:51) ~[spring-webmvc-6.0.8.jar:6.0.8]
	at org.springframework.web.servlet.DispatcherServlet.doDispatch(DispatcherServlet.java:1081) ~[spring-webmvc-6.0.8.jar:6.0.8]
	at org.springframework.web.servlet.DispatcherServlet.doService(DispatcherServlet.java:974) ~[spring-webmvc-6.0.8.jar:6.0.8]
	at org.springframework.web.servlet.FrameworkServlet.processRequest(FrameworkServlet.java:1011) ~[spring-webmvc-6.0.8.jar:6.0.8]
	at org.springframework.web.servlet.FrameworkServlet.doPost(FrameworkServlet.java:914) ~[spring-webmvc-6.0.8.jar:6.0.8]
	at jakarta.servlet.http.HttpServlet.service(HttpServlet.java:590) ~[tomcat-embed-core-10.1.8.jar:6.0]
	at org.springframework.web.servlet.FrameworkServlet.service(FrameworkServlet.java:885) ~[spring-webmvc-6.0.8.jar:6.0.8]
	at jakarta.servlet.http.HttpServlet.service(HttpServlet.java:658) ~[tomcat-embed-core-10.1.8.jar:6.0]
	at org.apache.catalina.core.ApplicationFilterChain.internalDoFilter(ApplicationFilterChain.java:205) ~[tomcat-embed-core-10.1.8.jar:10.1.8]
	at org.apache.catalina.core.ApplicationFilterChain.doFilter(ApplicationFilterChain.java:149) ~[tomcat-embed-core-10.1.8.jar:10.1.8]
	at org.apache.tomcat.websocket.server.WsFilter.doFilter(WsFilter.java:51) ~[tomcat-embed-websocket-10.1.8.jar:10.1.8]
	at org.apache.catalina.core.ApplicationFilterChain.internalDoFilter(ApplicationFilterChain.java:174) ~[tomcat-embed-core-10.1.8.jar:10.1.8]
	at org.apache.catalina.core.ApplicationFilterChain.doFilter(ApplicationFilterChain.java:149) ~[tomcat-embed-core-10.1.8.jar:10.1.8]
	at org.springframework.web.filter.RequestContextFilter.doFilterInternal(RequestContextFilter.java:100) ~[spring-web-6.0.8.jar:6.0.8]
	at org.springframework.web.filter.OncePerRequestFilter.doFilter(OncePerRequestFilter.java:116) ~[spring-web-6.0.8.jar:6.0.8]
	at org.apache.catalina.core.ApplicationFilterChain.internalDoFilter(ApplicationFilterChain.java:174) ~[tomcat-embed-core-10.1.8.jar:10.1.8]
	at org.apache.catalina.core.ApplicationFilterChain.doFilter(ApplicationFilterChain.java:149) ~[tomcat-embed-core-10.1.8.jar:10.1.8]
	at org.springframework.web.filter.FormContentFilter.doFilterInternal(FormContentFilter.java:93) ~[spring-web-6.0.8.jar:6.0.8]
	at org.springframework.web.filter.OncePerRequestFilter.doFilter(OncePerRequestFilter.java:116) ~[spring-web-6.0.8.jar:6.0.8]
	at org.apache.catalina.core.ApplicationFilterChain.internalDoFilter(ApplicationFilterChain.java:174) ~[tomcat-embed-core-10.1.8.jar:10.1.8]
	at org.apache.catalina.core.ApplicationFilterChain.doFilter(ApplicationFilterChain.java:149) ~[tomcat-embed-core-10.1.8.jar:10.1.8]
	at org.springframework.web.filter.CharacterEncodingFilter.doFilterInternal(CharacterEncodingFilter.java:201) ~[spring-web-6.0.8.jar:6.0.8]
	at org.springframework.web.filter.OncePerRequestFilter.doFilter(OncePerRequestFilter.java:116) ~[spring-web-6.0.8.jar:6.0.8]
	at org.apache.catalina.core.ApplicationFilterChain.internalDoFilter(ApplicationFilterChain.java:174) ~[tomcat-embed-core-10.1.8.jar:10.1.8]
	at org.apache.catalina.core.ApplicationFilterChain.doFilter(ApplicationFilterChain.java:149) ~[tomcat-embed-core-10.1.8.jar:10.1.8]
	at org.apache.catalina.core.StandardWrapperValve.invoke(StandardWrapperValve.java:166) ~[tomcat-embed-core-10.1.8.jar:10.1.8]
	at org.apache.catalina.core.StandardContextValve.invoke(StandardContextValve.java:90) ~[tomcat-embed-core-10.1.8.jar:10.1.8]
	at org.apache.catalina.authenticator.AuthenticatorBase.invoke(AuthenticatorBase.java:482) ~[tomcat-embed-core-10.1.8.jar:10.1.8]
	at org.apache.catalina.core.StandardHostValve.invoke(StandardHostValve.java:115) ~[tomcat-embed-core-10.1.8.jar:10.1.8]
	at org.apache.catalina.valves.ErrorReportValve.invoke(ErrorReportValve.java:93) ~[tomcat-embed-core-10.1.8.jar:10.1.8]
	at org.apache.catalina.core.StandardEngineValve.invoke(StandardEngineValve.java:74) ~[tomcat-embed-core-10.1.8.jar:10.1.8]
	at org.apache.catalina.connector.CoyoteAdapter.service(CoyoteAdapter.java:341) ~[tomcat-embed-core-10.1.8.jar:10.1.8]
	at org.apache.coyote.http11.Http11Processor.service(Http11Processor.java:390) ~[tomcat-embed-core-10.1.8.jar:10.1.8]
	at org.apache.coyote.AbstractProcessorLight.process(AbstractProcessorLight.java:63) ~[tomcat-embed-core-10.1.8.jar:10.1.8]
	at org.apache.coyote.AbstractProtocol$ConnectionHandler.process(AbstractProtocol.java:894) ~[tomcat-embed-core-10.1.8.jar:10.1.8]
	at org.apache.tomcat.util.net.NioEndpoint$SocketProcessor.doRun(NioEndpoint.java:1741) ~[tomcat-embed-core-10.1.8.jar:10.1.8]
	at org.apache.tomcat.util.net.SocketProcessorBase.run(SocketProcessorBase.java:52) ~[tomcat-embed-core-10.1.8.jar:10.1.8]
	at org.apache.tomcat.util.threads.ThreadPoolExecutor.runWorker(ThreadPoolExecutor.java:1191) ~[tomcat-embed-core-10.1.8.jar:10.1.8]
	at org.apache.tomcat.util.threads.ThreadPoolExecutor$Worker.run(ThreadPoolExecutor.java:659) ~[tomcat-embed-core-10.1.8.jar:10.1.8]
	at org.apache.tomcat.util.threads.TaskThread$WrappingRunnable.run(TaskThread.java:61) ~[tomcat-embed-core-10.1.8.jar:10.1.8]
	at java.lang.Thread.run(Thread.java:833) ~[?:?]
Caused by: javax.net.ssl.SSLException: Unsupported or unrecognized SSL message
	at sun.security.ssl.SSLSocketInputRecord.handleUnknownRecord(SSLSocketInputRecord.java:451) ~[?:?]
	at sun.security.ssl.SSLSocketInputRecord.decode(SSLSocketInputRecord.java:175) ~[?:?]
	at sun.security.ssl.SSLTransport.decode(SSLTransport.java:111) ~[?:?]
	at sun.security.ssl.SSLSocketImpl.decode(SSLSocketImpl.java:1505) ~[?:?]
	at sun.security.ssl.SSLSocketImpl.readHandshakeRecord(SSLSocketImpl.java:1420) ~[?:?]
	at sun.security.ssl.SSLSocketImpl.startHandshake(SSLSocketImpl.java:455) ~[?:?]
	at sun.security.ssl.SSLSocketImpl.startHandshake(SSLSocketImpl.java:426) ~[?:?]
	at sun.net.www.protocol.https.HttpsClient.afterConnect(HttpsClient.java:578) ~[?:?]
	at sun.net.www.protocol.https.AbstractDelegateHttpsURLConnection.connect(AbstractDelegateHttpsURLConnection.java:183) ~[?:?]
	at sun.net.www.protocol.https.HttpsURLConnectionImpl.connect(HttpsURLConnectionImpl.java:142) ~[?:?]
	at org.springframework.http.client.SimpleBufferingClientHttpRequest.executeInternal(SimpleBufferingClientHttpRequest.java:75) ~[spring-web-6.0.8.jar:6.0.8]
	at org.springframework.http.client.AbstractBufferingClientHttpRequest.executeInternal(AbstractBufferingClientHttpRequest.java:48) ~[spring-web-6.0.8.jar:6.0.8]
	at org.springframework.http.client.AbstractClientHttpRequest.execute(AbstractClientHttpRequest.java:66) ~[spring-web-6.0.8.jar:6.0.8]
	at org.springframework.web.client.RestTemplate.doExecute(RestTemplate.java:862) ~[spring-web-6.0.8.jar:6.0.8]
	... 102 more
[ERROR] 2023-05-21 19:00:18 SockJsClient - Initial SockJS "Info" request to server failed, url=https://localhost:8080/notifications
org.springframework.web.client.ResourceAccessException: I/O error on GET request for "https://localhost:8080/notifications/info": Unsupported or unrecognized SSL message
	at org.springframework.web.client.RestTemplate.createResourceAccessException(RestTemplate.java:888) ~[spring-web-6.0.8.jar:6.0.8]
	at org.springframework.web.client.RestTemplate.doExecute(RestTemplate.java:868) ~[spring-web-6.0.8.jar:6.0.8]
	at org.springframework.web.client.RestTemplate.execute(RestTemplate.java:804) ~[spring-web-6.0.8.jar:6.0.8]
	at org.springframework.web.socket.sockjs.client.RestTemplateXhrTransport.executeInfoRequestInternal(RestTemplateXhrTransport.java:138) ~[spring-websocket-6.0.8.jar:6.0.8]
	at org.springframework.web.socket.sockjs.client.AbstractXhrTransport.executeInfoRequest(AbstractXhrTransport.java:134) ~[spring-websocket-6.0.8.jar:6.0.8]
	at org.springframework.web.socket.sockjs.client.SockJsClient.getServerInfo(SockJsClient.java:280) ~[spring-websocket-6.0.8.jar:6.0.8]
	at org.springframework.web.socket.sockjs.client.SockJsClient.execute(SockJsClient.java:246) ~[spring-websocket-6.0.8.jar:6.0.8]
	at org.springframework.web.socket.messaging.WebSocketStompClient.connectAsync(WebSocketStompClient.java:354) ~[spring-websocket-6.0.8.jar:6.0.8]
	at org.springframework.web.socket.messaging.WebSocketStompClient.connectAsync(WebSocketStompClient.java:313) ~[spring-websocket-6.0.8.jar:6.0.8]
	at org.springframework.web.socket.messaging.WebSocketStompClient.connectAsync(WebSocketStompClient.java:270) ~[spring-websocket-6.0.8.jar:6.0.8]
	at org.springframework.web.socket.messaging.WebSocketStompClient.connectAsync(WebSocketStompClient.java:233) ~[spring-websocket-6.0.8.jar:6.0.8]
	at org.springframework.web.socket.messaging.WebSocketStompClient.connect(WebSocketStompClient.java:219) ~[spring-websocket-6.0.8.jar:6.0.8]
	at application.views.MainLayout.<init>(MainLayout.java:75) ~[classes/:?]
	at jdk.internal.reflect.DirectConstructorHandleAccessor.newInstance(DirectConstructorHandleAccessor.java:67) ~[?:?]
	at java.lang.reflect.Constructor.newInstanceWithCaller(Constructor.java:499) ~[?:?]
	at java.lang.reflect.Constructor.newInstance(Constructor.java:483) ~[?:?]
	at org.springframework.beans.BeanUtils.instantiateClass(BeanUtils.java:198) ~[spring-beans-6.0.8.jar:6.0.8]
	at org.springframework.beans.factory.support.SimpleInstantiationStrategy.instantiate(SimpleInstantiationStrategy.java:110) ~[spring-beans-6.0.8.jar:6.0.8]
	at org.springframework.beans.factory.support.ConstructorResolver.instantiate(ConstructorResolver.java:323) ~[spring-beans-6.0.8.jar:6.0.8]
	at org.springframework.beans.factory.support.ConstructorResolver.autowireConstructor(ConstructorResolver.java:194) ~[spring-beans-6.0.8.jar:6.0.8]
	at org.springframework.beans.factory.support.AbstractAutowireCapableBeanFactory.autowireConstructor(AbstractAutowireCapableBeanFactory.java:1352) ~[spring-beans-6.0.8.jar:6.0.8]
	at org.springframework.beans.factory.support.AbstractAutowireCapableBeanFactory.createBeanInstance(AbstractAutowireCapableBeanFactory.java:1195) ~[spring-beans-6.0.8.jar:6.0.8]
	at org.springframework.beans.factory.support.AbstractAutowireCapableBeanFactory.doCreateBean(AbstractAutowireCapableBeanFactory.java:560) ~[spring-beans-6.0.8.jar:6.0.8]
	at org.springframework.beans.factory.support.AbstractAutowireCapableBeanFactory.createBean(AbstractAutowireCapableBeanFactory.java:520) ~[spring-beans-6.0.8.jar:6.0.8]
	at org.springframework.beans.factory.support.AbstractAutowireCapableBeanFactory.createBean(AbstractAutowireCapableBeanFactory.java:320) ~[spring-beans-6.0.8.jar:6.0.8]
	at com.vaadin.flow.spring.SpringInstantiator.getOrCreate(SpringInstantiator.java:121) ~[vaadin-spring-24.0.6.jar:?]
	at com.vaadin.flow.di.Instantiator.createRouteTarget(Instantiator.java:136) ~[flow-server-24.0.6.jar:24.0.6]
	at com.vaadin.flow.router.internal.AbstractNavigationStateRenderer.lambda$getRouteTarget$1(AbstractNavigationStateRenderer.java:133) ~[flow-server-24.0.6.jar:24.0.6]
	at java.util.Optional.orElseGet(Optional.java:364) ~[?:?]
	at com.vaadin.flow.router.internal.AbstractNavigationStateRenderer.getRouteTarget(AbstractNavigationStateRenderer.java:132) ~[flow-server-24.0.6.jar:24.0.6]
	at com.vaadin.flow.router.internal.AbstractNavigationStateRenderer.sendBeforeEnterEventAndPopulateChain(AbstractNavigationStateRenderer.java:493) ~[flow-server-24.0.6.jar:24.0.6]
	at com.vaadin.flow.router.internal.AbstractNavigationStateRenderer.createChainIfEmptyAndExecuteBeforeEnterNavigation(AbstractNavigationStateRenderer.java:474) ~[flow-server-24.0.6.jar:24.0.6]
	at com.vaadin.flow.router.internal.AbstractNavigationStateRenderer.handle(AbstractNavigationStateRenderer.java:212) ~[flow-server-24.0.6.jar:24.0.6]
	at com.vaadin.flow.component.internal.JavaScriptNavigationStateRenderer.handle(JavaScriptNavigationStateRenderer.java:78) ~[flow-server-24.0.6.jar:24.0.6]
	at com.vaadin.flow.component.UI.handleNavigation(UI.java:1785) ~[flow-server-24.0.6.jar:24.0.6]
	at com.vaadin.flow.component.UI.renderViewForRoute(UI.java:1748) ~[flow-server-24.0.6.jar:24.0.6]
	at com.vaadin.flow.component.UI.connectClient(UI.java:1661) ~[flow-server-24.0.6.jar:24.0.6]
	at jdk.internal.reflect.DirectMethodHandleAccessor.invoke(DirectMethodHandleAccessor.java:104) ~[?:?]
	at java.lang.reflect.Method.invoke(Method.java:577) ~[?:?]
	at com.vaadin.flow.server.communication.rpc.PublishedServerEventHandlerRpcHandler.invokeMethod(PublishedServerEventHandlerRpcHandler.java:222) ~[flow-server-24.0.6.jar:24.0.6]
	at com.vaadin.flow.server.communication.rpc.PublishedServerEventHandlerRpcHandler.invokeMethod(PublishedServerEventHandlerRpcHandler.java:199) ~[flow-server-24.0.6.jar:24.0.6]
	at com.vaadin.flow.server.communication.rpc.PublishedServerEventHandlerRpcHandler.invokeMethod(PublishedServerEventHandlerRpcHandler.java:149) ~[flow-server-24.0.6.jar:24.0.6]
	at com.vaadin.flow.server.communication.rpc.PublishedServerEventHandlerRpcHandler.handleNode(PublishedServerEventHandlerRpcHandler.java:132) ~[flow-server-24.0.6.jar:24.0.6]
	at com.vaadin.flow.server.communication.rpc.AbstractRpcInvocationHandler.handle(AbstractRpcInvocationHandler.java:74) ~[flow-server-24.0.6.jar:24.0.6]
	at com.vaadin.flow.server.communication.ServerRpcHandler.handleInvocationData(ServerRpcHandler.java:438) ~[flow-server-24.0.6.jar:24.0.6]
	at com.vaadin.flow.server.communication.ServerRpcHandler.lambda$handleInvocations$1(ServerRpcHandler.java:419) ~[flow-server-24.0.6.jar:24.0.6]
	at java.util.ArrayList.forEach(ArrayList.java:1511) ~[?:?]
	at com.vaadin.flow.server.communication.ServerRpcHandler.handleInvocations(ServerRpcHandler.java:419) ~[flow-server-24.0.6.jar:24.0.6]
	at com.vaadin.flow.server.communication.ServerRpcHandler.handleRpc(ServerRpcHandler.java:320) ~[flow-server-24.0.6.jar:24.0.6]
	at com.vaadin.flow.server.communication.UidlRequestHandler.synchronizedHandleRequest(UidlRequestHandler.java:114) ~[flow-server-24.0.6.jar:24.0.6]
	at com.vaadin.flow.server.SynchronizedRequestHandler.handleRequest(SynchronizedRequestHandler.java:40) ~[flow-server-24.0.6.jar:24.0.6]
	at com.vaadin.flow.server.VaadinService.handleRequest(VaadinService.java:1529) ~[flow-server-24.0.6.jar:24.0.6]
	at com.vaadin.flow.server.VaadinServlet.service(VaadinServlet.java:399) ~[flow-server-24.0.6.jar:24.0.6]
	at com.vaadin.flow.spring.SpringServlet.service(SpringServlet.java:106) ~[vaadin-spring-24.0.6.jar:?]
	at jakarta.servlet.http.HttpServlet.service(HttpServlet.java:658) ~[tomcat-embed-core-10.1.8.jar:6.0]
	at org.apache.catalina.core.ApplicationFilterChain.internalDoFilter(ApplicationFilterChain.java:205) ~[tomcat-embed-core-10.1.8.jar:10.1.8]
	at org.apache.catalina.core.ApplicationFilterChain.doFilter(ApplicationFilterChain.java:149) ~[tomcat-embed-core-10.1.8.jar:10.1.8]
	at org.apache.catalina.core.ApplicationDispatcher.invoke(ApplicationDispatcher.java:642) ~[tomcat-embed-core-10.1.8.jar:10.1.8]
	at org.apache.catalina.core.ApplicationDispatcher.processRequest(ApplicationDispatcher.java:408) ~[tomcat-embed-core-10.1.8.jar:10.1.8]
	at org.apache.catalina.core.ApplicationDispatcher.doForward(ApplicationDispatcher.java:313) ~[tomcat-embed-core-10.1.8.jar:10.1.8]
	at org.apache.catalina.core.ApplicationDispatcher.forward(ApplicationDispatcher.java:277) ~[tomcat-embed-core-10.1.8.jar:10.1.8]
	at org.springframework.web.servlet.mvc.ServletForwardingController.handleRequestInternal(ServletForwardingController.java:141) ~[spring-webmvc-6.0.8.jar:6.0.8]
	at org.springframework.web.servlet.mvc.AbstractController.handleRequest(AbstractController.java:178) ~[spring-webmvc-6.0.8.jar:6.0.8]
	at org.springframework.web.servlet.mvc.SimpleControllerHandlerAdapter.handle(SimpleControllerHandlerAdapter.java:51) ~[spring-webmvc-6.0.8.jar:6.0.8]
	at org.springframework.web.servlet.DispatcherServlet.doDispatch(DispatcherServlet.java:1081) ~[spring-webmvc-6.0.8.jar:6.0.8]
	at org.springframework.web.servlet.DispatcherServlet.doService(DispatcherServlet.java:974) ~[spring-webmvc-6.0.8.jar:6.0.8]
	at org.springframework.web.servlet.FrameworkServlet.processRequest(FrameworkServlet.java:1011) ~[spring-webmvc-6.0.8.jar:6.0.8]
	at org.springframework.web.servlet.FrameworkServlet.doPost(FrameworkServlet.java:914) ~[spring-webmvc-6.0.8.jar:6.0.8]
	at jakarta.servlet.http.HttpServlet.service(HttpServlet.java:590) ~[tomcat-embed-core-10.1.8.jar:6.0]
	at org.springframework.web.servlet.FrameworkServlet.service(FrameworkServlet.java:885) ~[spring-webmvc-6.0.8.jar:6.0.8]
	at jakarta.servlet.http.HttpServlet.service(HttpServlet.java:658) ~[tomcat-embed-core-10.1.8.jar:6.0]
	at org.apache.catalina.core.ApplicationFilterChain.internalDoFilter(ApplicationFilterChain.java:205) ~[tomcat-embed-core-10.1.8.jar:10.1.8]
	at org.apache.catalina.core.ApplicationFilterChain.doFilter(ApplicationFilterChain.java:149) ~[tomcat-embed-core-10.1.8.jar:10.1.8]
	at org.apache.tomcat.websocket.server.WsFilter.doFilter(WsFilter.java:51) ~[tomcat-embed-websocket-10.1.8.jar:10.1.8]
	at org.apache.catalina.core.ApplicationFilterChain.internalDoFilter(ApplicationFilterChain.java:174) ~[tomcat-embed-core-10.1.8.jar:10.1.8]
	at org.apache.catalina.core.ApplicationFilterChain.doFilter(ApplicationFilterChain.java:149) ~[tomcat-embed-core-10.1.8.jar:10.1.8]
	at org.springframework.web.filter.RequestContextFilter.doFilterInternal(RequestContextFilter.java:100) ~[spring-web-6.0.8.jar:6.0.8]
	at org.springframework.web.filter.OncePerRequestFilter.doFilter(OncePerRequestFilter.java:116) ~[spring-web-6.0.8.jar:6.0.8]
	at org.apache.catalina.core.ApplicationFilterChain.internalDoFilter(ApplicationFilterChain.java:174) ~[tomcat-embed-core-10.1.8.jar:10.1.8]
	at org.apache.catalina.core.ApplicationFilterChain.doFilter(ApplicationFilterChain.java:149) ~[tomcat-embed-core-10.1.8.jar:10.1.8]
	at org.springframework.web.filter.FormContentFilter.doFilterInternal(FormContentFilter.java:93) ~[spring-web-6.0.8.jar:6.0.8]
	at org.springframework.web.filter.OncePerRequestFilter.doFilter(OncePerRequestFilter.java:116) ~[spring-web-6.0.8.jar:6.0.8]
	at org.apache.catalina.core.ApplicationFilterChain.internalDoFilter(ApplicationFilterChain.java:174) ~[tomcat-embed-core-10.1.8.jar:10.1.8]
	at org.apache.catalina.core.ApplicationFilterChain.doFilter(ApplicationFilterChain.java:149) ~[tomcat-embed-core-10.1.8.jar:10.1.8]
	at org.springframework.web.filter.CharacterEncodingFilter.doFilterInternal(CharacterEncodingFilter.java:201) ~[spring-web-6.0.8.jar:6.0.8]
	at org.springframework.web.filter.OncePerRequestFilter.doFilter(OncePerRequestFilter.java:116) ~[spring-web-6.0.8.jar:6.0.8]
	at org.apache.catalina.core.ApplicationFilterChain.internalDoFilter(ApplicationFilterChain.java:174) ~[tomcat-embed-core-10.1.8.jar:10.1.8]
	at org.apache.catalina.core.ApplicationFilterChain.doFilter(ApplicationFilterChain.java:149) ~[tomcat-embed-core-10.1.8.jar:10.1.8]
	at org.apache.catalina.core.StandardWrapperValve.invoke(StandardWrapperValve.java:166) ~[tomcat-embed-core-10.1.8.jar:10.1.8]
	at org.apache.catalina.core.StandardContextValve.invoke(StandardContextValve.java:90) ~[tomcat-embed-core-10.1.8.jar:10.1.8]
	at org.apache.catalina.authenticator.AuthenticatorBase.invoke(AuthenticatorBase.java:482) ~[tomcat-embed-core-10.1.8.jar:10.1.8]
	at org.apache.catalina.core.StandardHostValve.invoke(StandardHostValve.java:115) ~[tomcat-embed-core-10.1.8.jar:10.1.8]
	at org.apache.catalina.valves.ErrorReportValve.invoke(ErrorReportValve.java:93) ~[tomcat-embed-core-10.1.8.jar:10.1.8]
	at org.apache.catalina.core.StandardEngineValve.invoke(StandardEngineValve.java:74) ~[tomcat-embed-core-10.1.8.jar:10.1.8]
	at org.apache.catalina.connector.CoyoteAdapter.service(CoyoteAdapter.java:341) ~[tomcat-embed-core-10.1.8.jar:10.1.8]
	at org.apache.coyote.http11.Http11Processor.service(Http11Processor.java:390) ~[tomcat-embed-core-10.1.8.jar:10.1.8]
	at org.apache.coyote.AbstractProcessorLight.process(AbstractProcessorLight.java:63) ~[tomcat-embed-core-10.1.8.jar:10.1.8]
	at org.apache.coyote.AbstractProtocol$ConnectionHandler.process(AbstractProtocol.java:894) ~[tomcat-embed-core-10.1.8.jar:10.1.8]
	at org.apache.tomcat.util.net.NioEndpoint$SocketProcessor.doRun(NioEndpoint.java:1741) ~[tomcat-embed-core-10.1.8.jar:10.1.8]
	at org.apache.tomcat.util.net.SocketProcessorBase.run(SocketProcessorBase.java:52) ~[tomcat-embed-core-10.1.8.jar:10.1.8]
	at org.apache.tomcat.util.threads.ThreadPoolExecutor.runWorker(ThreadPoolExecutor.java:1191) ~[tomcat-embed-core-10.1.8.jar:10.1.8]
	at org.apache.tomcat.util.threads.ThreadPoolExecutor$Worker.run(ThreadPoolExecutor.java:659) ~[tomcat-embed-core-10.1.8.jar:10.1.8]
	at org.apache.tomcat.util.threads.TaskThread$WrappingRunnable.run(TaskThread.java:61) ~[tomcat-embed-core-10.1.8.jar:10.1.8]
	at java.lang.Thread.run(Thread.java:833) ~[?:?]
Caused by: javax.net.ssl.SSLException: Unsupported or unrecognized SSL message
	at sun.security.ssl.SSLSocketInputRecord.handleUnknownRecord(SSLSocketInputRecord.java:451) ~[?:?]
	at sun.security.ssl.SSLSocketInputRecord.decode(SSLSocketInputRecord.java:175) ~[?:?]
	at sun.security.ssl.SSLTransport.decode(SSLTransport.java:111) ~[?:?]
	at sun.security.ssl.SSLSocketImpl.decode(SSLSocketImpl.java:1505) ~[?:?]
	at sun.security.ssl.SSLSocketImpl.readHandshakeRecord(SSLSocketImpl.java:1420) ~[?:?]
	at sun.security.ssl.SSLSocketImpl.startHandshake(SSLSocketImpl.java:455) ~[?:?]
	at sun.security.ssl.SSLSocketImpl.startHandshake(SSLSocketImpl.java:426) ~[?:?]
	at sun.net.www.protocol.https.HttpsClient.afterConnect(HttpsClient.java:578) ~[?:?]
	at sun.net.www.protocol.https.AbstractDelegateHttpsURLConnection.connect(AbstractDelegateHttpsURLConnection.java:183) ~[?:?]
	at sun.net.www.protocol.https.HttpsURLConnectionImpl.connect(HttpsURLConnectionImpl.java:142) ~[?:?]
	at org.springframework.http.client.SimpleBufferingClientHttpRequest.executeInternal(SimpleBufferingClientHttpRequest.java:75) ~[spring-web-6.0.8.jar:6.0.8]
	at org.springframework.http.client.AbstractBufferingClientHttpRequest.executeInternal(AbstractBufferingClientHttpRequest.java:48) ~[spring-web-6.0.8.jar:6.0.8]
	at org.springframework.http.client.AbstractClientHttpRequest.execute(AbstractClientHttpRequest.java:66) ~[spring-web-6.0.8.jar:6.0.8]
	at org.springframework.web.client.RestTemplate.doExecute(RestTemplate.java:862) ~[spring-web-6.0.8.jar:6.0.8]
	... 102 more
[ERROR] 2023-05-21 19:01:00 DefaultTransportRequest - No more fallback transports after TransportRequest[url=ws://localhost:8080/notifications/181/cb38608ba7ce449b89a8e5f9ed617b73/websocket]
java.util.concurrent.CompletionException: jakarta.websocket.DeploymentException: The HTTP response from the server [200] did not permit the HTTP upgrade to WebSocket
	at org.springframework.util.concurrent.FutureUtils.lambda$toSupplier$0(FutureUtils.java:78) ~[spring-core-6.0.8.jar:6.0.8]
	at java.util.concurrent.CompletableFuture$AsyncSupply.run(CompletableFuture.java:1768) ~[?:?]
	at java.lang.Thread.run(Thread.java:833) ~[?:?]
Caused by: jakarta.websocket.DeploymentException: The HTTP response from the server [200] did not permit the HTTP upgrade to WebSocket
	at org.apache.tomcat.websocket.WsWebSocketContainer.connectToServerRecursive(WsWebSocketContainer.java:384) ~[tomcat-embed-websocket-10.1.8.jar:10.1.8]
	at org.apache.tomcat.websocket.WsWebSocketContainer.connectToServer(WsWebSocketContainer.java:179) ~[tomcat-embed-websocket-10.1.8.jar:10.1.8]
	at org.springframework.web.socket.client.standard.StandardWebSocketClient.lambda$executeInternal$0(StandardWebSocketClient.java:150) ~[spring-websocket-6.0.8.jar:6.0.8]
	at org.springframework.util.concurrent.FutureUtils.lambda$toSupplier$0(FutureUtils.java:74) ~[spring-core-6.0.8.jar:6.0.8]
	... 2 more
[ERROR] 2023-05-21 19:37:05 DefaultTransportRequest - No more fallback transports after TransportRequest[url=ws://localhost:8080/notifications/468/925ca8e9738f4b748b16ef3bebe82152/websocket]
java.util.concurrent.CompletionException: jakarta.websocket.DeploymentException: The HTTP response from the server [200] did not permit the HTTP upgrade to WebSocket
	at org.springframework.util.concurrent.FutureUtils.lambda$toSupplier$0(FutureUtils.java:78) ~[spring-core-6.0.8.jar:6.0.8]
	at java.util.concurrent.CompletableFuture$AsyncSupply.run(CompletableFuture.java:1768) ~[?:?]
	at java.lang.Thread.run(Thread.java:833) ~[?:?]
Caused by: jakarta.websocket.DeploymentException: The HTTP response from the server [200] did not permit the HTTP upgrade to WebSocket
	at org.apache.tomcat.websocket.WsWebSocketContainer.connectToServerRecursive(WsWebSocketContainer.java:384) ~[tomcat-embed-websocket-10.1.8.jar:10.1.8]
	at org.apache.tomcat.websocket.WsWebSocketContainer.connectToServer(WsWebSocketContainer.java:179) ~[tomcat-embed-websocket-10.1.8.jar:10.1.8]
	at org.springframework.web.socket.client.standard.StandardWebSocketClient.lambda$executeInternal$0(StandardWebSocketClient.java:150) ~[spring-websocket-6.0.8.jar:6.0.8]
	at org.springframework.util.concurrent.FutureUtils.lambda$toSupplier$0(FutureUtils.java:74) ~[spring-core-6.0.8.jar:6.0.8]
	... 2 more
[ERROR] 2023-05-21 20:54:08 SystemLogger - דשג already exist
[ERROR] 2023-05-21 21:05:30 SystemLogger - newStore already exist
[ERROR] 2023-05-21 21:05:30 SystemLogger - newStore already exist
[ERROR] 2023-05-21 21:05:30 SystemLogger - newStore already exist
[ERROR] 2023-05-21 21:05:30 SystemLogger - newStore already exist
[ERROR] 2023-05-21 21:05:30 SystemLogger - newStore already exist
[ERROR] 2023-05-21 21:05:30 SystemLogger - newStore already exist
[ERROR] 2023-05-21 21:05:30 SystemLogger - newStore already exist
[ERROR] 2023-05-21 21:05:30 SystemLogger - newStore already exist
[ERROR] 2023-05-21 21:05:30 SystemLogger - newStore already exist
[ERROR] 2023-05-21 21:05:30 SystemLogger - Username already exists :bob
[ERROR] 2023-05-21 21:05:30 SystemLogger - Username already exists :bob
[ERROR] 2023-05-21 21:05:30 SystemLogger - Username already exists :bob
[ERROR] 2023-05-21 21:05:30 SystemLogger - Username already exists :bob
[ERROR] 2023-05-21 21:05:30 SystemLogger - Username already exists :bob
[ERROR] 2023-05-21 21:05:30 SystemLogger - Username already exists :bob
[ERROR] 2023-05-21 21:05:30 SystemLogger - Username already exists :bob
[ERROR] 2023-05-21 21:05:30 SystemLogger - bob1 have Invalid username or password
[ERROR] 2023-05-21 21:05:30 SystemLogger - bob5 have Invalid username or password
[ERROR] 2023-05-21 21:05:30 SystemLogger - bob2 have Invalid username or password
[ERROR] 2023-05-21 21:05:30 SystemLogger - bob3 have Invalid username or password
[ERROR] 2023-05-21 21:05:30 SystemLogger - bob0 have Invalid username or password
[ERROR] 2023-05-21 21:11:39 SystemLogger - 4 have Invalid username or password
[ERROR] 2023-05-21 21:11:39 SystemLogger - 5 have Invalid username or password
[ERROR] 2023-05-21 21:11:39 SystemLogger - newStore already exist
[ERROR] 2023-05-21 21:11:39 SystemLogger - newStore already exist
[ERROR] 2023-05-21 21:11:39 SystemLogger - newStore already exist
[ERROR] 2023-05-21 21:11:39 SystemLogger - newStore already exist
[ERROR] 2023-05-21 21:11:39 SystemLogger - newStore already exist
[ERROR] 2023-05-21 21:11:39 SystemLogger - newStore already exist
[ERROR] 2023-05-21 21:11:39 SystemLogger - newStore already exist
[ERROR] 2023-05-21 21:11:39 SystemLogger - Username already exists :bob
[ERROR] 2023-05-21 21:11:39 SystemLogger - Username already exists :bob
[ERROR] 2023-05-21 21:11:39 SystemLogger - Username already exists :bob
[ERROR] 2023-05-21 21:11:39 SystemLogger - Username already exists :bob
[ERROR] 2023-05-21 21:11:39 SystemLogger - Username already exists :bob
[ERROR] 2023-05-21 21:11:39 SystemLogger - Username already exists :bob
[ERROR] 2023-05-21 21:11:39 SystemLogger - Username already exists :bob
[ERROR] 2023-05-21 21:11:40 SystemLogger - bob6 have Invalid username or password
