[ERROR] 2023-06-20 09:42:31 SystemLogger - alon123 is not a store owner
[ERROR] 2023-06-20 09:44:03 SystemLogger - alon123 is not a store owner
[ERROR] 2023-06-20 09:44:26 SystemLogger - Username already exists :yohane
[ERROR] 2023-06-20 09:44:26 SystemLogger - chika already logged in
[ERROR] 2023-06-20 09:44:26 SystemLogger - yohariko is not a member
[ERROR] 2023-06-20 09:44:26 SystemLogger - hanamaru have Invalid password
[ERROR] 2023-06-20 09:44:28 SystemLogger - 2 product doesnt exist
[ERROR] 2023-06-20 09:44:28 SystemLogger - 2 product doesnt exist
[ERROR] 2023-06-20 09:44:29 SystemLogger - this quantity -2 is less then 0
[ERROR] 2023-06-20 09:44:29 SystemLogger - this store is not exist : -1
[ERROR] 2023-06-20 09:44:29 SystemLogger - 1 product doesnt exist
[ERROR] 2023-06-20 09:44:29 SystemLogger - This store newStore is not existing in this cart
[ERROR] 2023-06-20 09:44:30 SystemLogger - this quantity -5 is less then 0
[ERROR] 2023-06-20 09:44:30 SqlExceptionHelper - Duplicate entry 'abc' for key 'supplydetails.PRIMARY'
[ERROR] 2023-06-20 09:44:30 SqlExceptionHelper - Duplicate entry 'alon' for key 'supplydetails.PRIMARY'
[ERROR] 2023-06-20 09:44:31 SqlExceptionHelper - Duplicate entry 'abc' for key 'supplydetails.PRIMARY'
[ERROR] 2023-06-20 09:44:31 SystemLogger - couldn't find purchase policy of id1055
[ERROR] 2023-06-20 09:44:31 SqlExceptionHelper - Duplicate entry 'alon' for key 'supplydetails.PRIMARY'
[ERROR] 2023-06-20 09:44:31 SqlExceptionHelper - Duplicate entry 'abc' for key 'supplydetails.PRIMARY'
[ERROR] 2023-06-20 09:44:31 SqlExceptionHelper - Duplicate entry 'alon' for key 'supplydetails.PRIMARY'
[ERROR] 2023-06-20 09:44:31 SqlExceptionHelper - Duplicate entry 'abc' for key 'supplydetails.PRIMARY'
[ERROR] 2023-06-20 09:44:31 SqlExceptionHelper - Duplicate entry 'abc' for key 'supplydetails.PRIMARY'
[ERROR] 2023-06-20 09:44:31 SystemLogger - Purchase failed, cart is empty
[ERROR] 2023-06-20 09:44:32 SqlExceptionHelper - Duplicate entry 'abc' for key 'supplydetails.PRIMARY'
[ERROR] 2023-06-20 09:44:32 SqlExceptionHelper - Duplicate entry 'alon' for key 'supplydetails.PRIMARY'
[ERROR] 2023-06-20 09:44:32 SqlExceptionHelper - Duplicate entry 'abc' for key 'supplydetails.PRIMARY'
[ERROR] 2023-06-20 09:44:32 SqlExceptionHelper - Duplicate entry 'abc' for key 'supplydetails.PRIMARY'
[ERROR] 2023-06-20 09:44:32 SqlExceptionHelper - Duplicate entry 'abc' for key 'supplydetails.PRIMARY'
[ERROR] 2023-06-20 09:44:32 SqlExceptionHelper - Duplicate entry 'alon' for key 'supplydetails.PRIMARY'
[ERROR] 2023-06-20 09:44:33 SystemLogger - this store is not exist : 4
[ERROR] 2023-06-20 09:44:33 SystemLogger - 4 product doesnt exist
[ERROR] 2023-06-20 09:44:33 SystemLogger - newee already exist
[ERROR] 2023-06-20 09:44:33 SystemLogger - alon12 not has a position in newStore store
[ERROR] 2023-06-20 09:44:34 SystemLogger - this store -1 is not existing
[ERROR] 2023-06-20 09:44:34 SystemLogger - Success to remove alon1 from market
[ERROR] 2023-06-20 09:44:34 SystemLogger - michael123 is not a member
[ERROR] 2023-06-20 09:44:34 SystemLogger - Success to remove shoham from market
[ERROR] 2023-06-20 09:44:34 SystemLogger - shoham is not a member
[ERROR] 2023-06-20 09:44:34 SystemLogger - alon12 not has a position in newStore store
[ERROR] 2023-06-20 09:44:35 SystemLogger - this store is not exist : 34432
[ERROR] 2023-06-20 09:44:35 SystemLogger - test already exist
[ERROR] 2023-06-20 09:44:35 SystemLogger - cannot set quantity to less then 0
[ERROR] 2023-06-20 09:44:35 SystemLogger - alon12 not has a position in newStore store
[ERROR] 2023-06-20 09:44:35 SystemLogger - 1 product doesnt exist
[ERROR] 2023-06-20 09:44:36 SystemLogger - alon12 not has a position in newStore3 store
[ERROR] 2023-06-20 09:44:36 SystemLogger - alon12 not has a position in newStore store
[ERROR] 2023-06-20 09:44:36 SystemLogger - 1 product doesnt exist
[ERROR] 2023-06-20 09:44:36 SystemLogger - 1 product doesnt exist
[ERROR] 2023-06-20 09:44:37 SystemLogger - 1 product doesnt exist
[ERROR] 2023-06-20 09:44:37 SystemLogger - this store is not exist : 3
[ERROR] 2023-06-20 09:44:37 SystemLogger - alon12 not has a position in newStore store
[ERROR] 2023-06-20 09:44:38 SystemLogger - this store is not exist : 1
[ERROR] 2023-06-20 09:44:38 SystemLogger - 1445 product doesnt exist
[ERROR] 2023-06-20 09:44:38 SystemLogger - Min quantity must be larger than 0 but is -1
[ERROR] 2023-06-20 09:44:38 SqlExceptionHelper - Duplicate entry 'alon' for key 'supplydetails.PRIMARY'
[ERROR] 2023-06-20 09:44:38 SqlExceptionHelper - Duplicate entry 'sad' for key 'supplydetails.PRIMARY'
[ERROR] 2023-06-20 09:44:38 SystemLogger - 1448 product doesnt exist
[ERROR] 2023-06-20 09:44:38 SystemLogger - this store is not exist : 1
[ERROR] 2023-06-20 09:44:38 SystemLogger - discount percentage illegal: 0.0
[ERROR] 2023-06-20 09:44:38 SqlExceptionHelper - Duplicate entry 'sad' for key 'supplydetails.PRIMARY'
[ERROR] 2023-06-20 09:44:38 SqlExceptionHelper - Duplicate entry 'sad' for key 'supplydetails.PRIMARY'
[ERROR] 2023-06-20 09:44:38 SqlExceptionHelper - Duplicate entry 'sad' for key 'supplydetails.PRIMARY'
[ERROR] 2023-06-20 09:44:39 SystemLogger - this store is not exist : 1
[ERROR] 2023-06-20 09:44:39 SystemLogger - discount percentage illegal: 0.0
[ERROR] 2023-06-20 09:44:39 SystemLogger - discount percentage illegal: 1.1
[ERROR] 2023-06-20 09:44:39 SqlExceptionHelper - Duplicate entry 'sad' for key 'supplydetails.PRIMARY'
[ERROR] 2023-06-20 09:44:39 SqlExceptionHelper - Duplicate entry 'sad' for key 'supplydetails.PRIMARY'
[ERROR] 2023-06-20 09:44:39 SystemLogger - Category doesn't exist
[ERROR] 2023-06-20 09:44:39 SystemLogger - this store is not exist : 1
[ERROR] 2023-06-20 09:44:39 SystemLogger - discount percentage illegal: 0.0
[ERROR] 2023-06-20 09:44:39 SqlExceptionHelper - Duplicate entry 'sad' for key 'supplydetails.PRIMARY'
[ERROR] 2023-06-20 09:44:39 SystemLogger - alon12 not has a position in newStore store
[ERROR] 2023-06-20 09:44:39 SystemLogger - alon123 is not a member
[ERROR] 2023-06-20 09:44:39 SystemLogger - the member is already have a different position in this store : newStore2
[ERROR] 2023-06-20 09:44:39 SystemLogger - alon12 not has a position in newStore store
[ERROR] 2023-06-20 09:44:40 SystemLogger - shoham not has a position in megaShop store
[ERROR] 2023-06-20 09:44:40 SystemLogger - store manager hasn't permission to perform this action
[ERROR] 2023-06-20 09:44:40 SystemLogger - alon123 is not a store owner
[ERROR] 2023-06-20 09:44:41 SystemLogger - alon1 not has a position in megaSport1 store
[ERROR] 2023-06-20 09:44:41 SystemLogger - alon123 is not a store owner
[ERROR] 2023-06-20 09:44:41 SystemLogger - shoham is not a store owner
[ERROR] 2023-06-20 09:44:41 SystemLogger - this store is not exist : -1
[ERROR] 2023-06-20 09:44:41 SystemLogger - alon1234 is not a member
[ERROR] 2023-06-20 09:44:42 SystemLogger - the member is already have a different position in this store : newStore
[ERROR] 2023-06-20 09:44:42 SystemLogger - alon12 not has a position in newStore store
[ERROR] 2023-06-20 09:44:42 SystemLogger - alon12 is not a member
[ERROR] 2023-06-20 14:32:02 SystemLogger - newStore already exist
[ERROR] 2023-06-20 14:32:02 SystemLogger - newStore already exist
[ERROR] 2023-06-20 14:32:02 SystemLogger - newStore already exist
[ERROR] 2023-06-20 14:32:02 SystemLogger - newStore already exist
[ERROR] 2023-06-20 14:32:02 SystemLogger - newStore already exist
[ERROR] 2023-06-20 14:32:02 SystemLogger - newStore already exist
[ERROR] 2023-06-20 14:32:02 SystemLogger - newStore already exist
[ERROR] 2023-06-20 14:32:02 SystemLogger - newStore already exist
[ERROR] 2023-06-20 14:32:02 SystemLogger - newStore already exist
[ERROR] 2023-06-20 14:32:02 SystemLogger - Username already exists :bob
[ERROR] 2023-06-20 14:32:02 SystemLogger - Username already exists :bob
[ERROR] 2023-06-20 14:32:02 SystemLogger - Username already exists :bob
[ERROR] 2023-06-20 14:32:02 SqlExceptionHelper - Duplicate entry 'bob' for key 'members.PRIMARY'
[ERROR] 2023-06-20 14:32:02 SqlExceptionHelper - Duplicate entry 'bob' for key 'members.PRIMARY'
[ERROR] 2023-06-20 14:32:02 SqlExceptionHelper - Duplicate entry 'bob' for key 'members.PRIMARY'
[ERROR] 2023-06-20 14:32:02 SqlExceptionHelper - Duplicate entry 'bob' for key 'members.PRIMARY'
[ERROR] 2023-06-20 14:32:02 SqlExceptionHelper - Duplicate entry 'bob' for key 'members.PRIMARY'
[ERROR] 2023-06-20 14:32:02 SqlExceptionHelper - Duplicate entry 'bob' for key 'members.PRIMARY'
[ERROR] 2023-06-20 14:32:04 SystemLogger - bob6 have Invalid password
[ERROR] 2023-06-20 14:32:04 SystemLogger - bob2 have Invalid password
[ERROR] 2023-06-20 14:32:04 SystemLogger - bob5 have Invalid password
[ERROR] 2023-06-20 14:32:04 SystemLogger - bob4 have Invalid password
[ERROR] 2023-06-20 14:32:04 SystemLogger - bob8 have Invalid password
[ERROR] 2023-06-20 14:32:04 SystemLogger - bob7 have Invalid password
[ERROR] 2023-06-20 14:32:04 SystemLogger - bob3 have Invalid password
[ERROR] 2023-06-20 14:32:04 SystemLogger - bob1 have Invalid password
[ERROR] 2023-06-20 14:32:04 SystemLogger - bob2 have Invalid password
[ERROR] 2023-06-20 14:32:04 SystemLogger - bob8 have Invalid password
[ERROR] 2023-06-20 14:32:04 SystemLogger - bob5 have Invalid password
[ERROR] 2023-06-20 14:32:04 SystemLogger - bob1 have Invalid password
[ERROR] 2023-06-20 14:33:12 SystemLogger - bob2 have Invalid password
[ERROR] 2023-06-20 14:33:12 SystemLogger - bob4 have Invalid password
[ERROR] 2023-06-20 14:33:12 SystemLogger - 4 have Invalid password
[ERROR] 2023-06-20 14:33:12 SystemLogger - newStore already exist
[ERROR] 2023-06-20 14:33:12 SystemLogger - newStore already exist
[ERROR] 2023-06-20 14:33:12 SystemLogger - newStore already exist
[ERROR] 2023-06-20 14:33:12 SystemLogger - 3 have Invalid password
[ERROR] 2023-06-20 14:33:12 SystemLogger - newStore already exist
[ERROR] 2023-06-20 14:33:12 SystemLogger - newStore already exist
[ERROR] 2023-06-20 14:33:12 SystemLogger - 1 have Invalid password
[ERROR] 2023-06-20 14:33:12 SystemLogger - newStore already exist
[ERROR] 2023-06-20 14:33:12 SystemLogger - Username already exists :bob
[ERROR] 2023-06-20 14:33:12 SystemLogger - Username already exists :bob
[ERROR] 2023-06-20 14:33:12 SqlExceptionHelper - Duplicate entry 'bob' for key 'members.PRIMARY'
[ERROR] 2023-06-20 14:33:12 SqlExceptionHelper - Duplicate entry 'bob' for key 'members.PRIMARY'
[ERROR] 2023-06-20 14:33:12 SqlExceptionHelper - Duplicate entry 'bob' for key 'members.PRIMARY'
[ERROR] 2023-06-20 14:33:12 SqlExceptionHelper - Duplicate entry 'bob' for key 'members.PRIMARY'
[ERROR] 2023-06-20 14:33:12 SqlExceptionHelper - Duplicate entry 'bob' for key 'members.PRIMARY'
[ERROR] 2023-06-20 14:33:12 SqlExceptionHelper - Duplicate entry 'bob' for key 'members.PRIMARY'
[ERROR] 2023-06-20 14:33:12 SqlExceptionHelper - Duplicate entry 'bob' for key 'members.PRIMARY'
[ERROR] 2023-06-20 14:33:14 SystemLogger - bob1 have Invalid password
[ERROR] 2023-06-20 14:33:14 SystemLogger - bob0 have Invalid password
[ERROR] 2023-06-20 14:33:14 SystemLogger - bob2 have Invalid password
[ERROR] 2023-06-20 14:33:14 SystemLogger - bob9 have Invalid password
[ERROR] 2023-06-20 14:33:15 SystemLogger - bob7 have Invalid password
[ERROR] 2023-06-20 14:33:15 SystemLogger - bob6 have Invalid password
[ERROR] 2023-06-20 14:33:15 SystemLogger - bob1 have Invalid password
[ERROR] 2023-06-20 14:37:20 SystemLogger - newStore already exist
[ERROR] 2023-06-20 14:37:20 SystemLogger - newStore already exist
[ERROR] 2023-06-20 14:37:20 SystemLogger - newStore already exist
[ERROR] 2023-06-20 14:37:20 SystemLogger - newStore already exist
[ERROR] 2023-06-20 14:37:20 SystemLogger - newStore already exist
[ERROR] 2023-06-20 14:37:20 SystemLogger - newStore already exist
[ERROR] 2023-06-20 14:37:20 SystemLogger - newStore already exist
[ERROR] 2023-06-20 14:37:20 SystemLogger - newStore already exist
[ERROR] 2023-06-20 14:37:20 SystemLogger - newStore already exist
[ERROR] 2023-06-20 14:37:20 SystemLogger - Username already exists :bob
[ERROR] 2023-06-20 14:37:20 SystemLogger - Username already exists :bob
[ERROR] 2023-06-20 14:37:20 SqlExceptionHelper - Duplicate entry 'bob' for key 'members.PRIMARY'
[ERROR] 2023-06-20 14:37:20 SqlExceptionHelper - Duplicate entry 'bob' for key 'members.PRIMARY'
[ERROR] 2023-06-20 14:37:20 SqlExceptionHelper - Duplicate entry 'bob' for key 'members.PRIMARY'
[ERROR] 2023-06-20 14:37:20 SqlExceptionHelper - Duplicate entry 'bob' for key 'members.PRIMARY'
[ERROR] 2023-06-20 14:37:21 SqlExceptionHelper - Duplicate entry 'bob' for key 'members.PRIMARY'
[ERROR] 2023-06-20 14:37:21 SqlExceptionHelper - Duplicate entry 'bob' for key 'members.PRIMARY'
[ERROR] 2023-06-20 14:37:21 SqlExceptionHelper - Duplicate entry 'bob' for key 'members.PRIMARY'
[ERROR] 2023-06-20 14:37:22 SystemLogger - bob0 have Invalid password
[ERROR] 2023-06-20 14:37:23 SystemLogger - bob2 have Invalid password
[ERROR] 2023-06-20 14:37:23 SystemLogger - bob1 have Invalid password
[ERROR] 2023-06-20 14:38:05 SystemLogger - 8 have Invalid password
[ERROR] 2023-06-20 14:38:05 SystemLogger - newStore already exist
[ERROR] 2023-06-20 14:38:05 SystemLogger - 3 have Invalid password
[ERROR] 2023-06-20 14:38:05 SystemLogger - 7 have Invalid password
[ERROR] 2023-06-20 14:38:05 SystemLogger - 10 have Invalid password
[ERROR] 2023-06-20 14:38:05 SystemLogger - newStore already exist
[ERROR] 2023-06-20 14:38:05 SystemLogger - newStore already exist
[ERROR] 2023-06-20 14:38:05 SystemLogger - newStore already exist
[ERROR] 2023-06-20 14:38:06 SystemLogger - newStore already exist
[ERROR] 2023-06-20 14:38:06 SystemLogger - Username already exists :bob
[ERROR] 2023-06-20 14:38:06 SystemLogger - Username already exists :bob
[ERROR] 2023-06-20 14:38:06 SqlExceptionHelper - Duplicate entry 'bob' for key 'members.PRIMARY'
[ERROR] 2023-06-20 14:38:06 SqlExceptionHelper - Duplicate entry 'bob' for key 'members.PRIMARY'
[ERROR] 2023-06-20 14:38:06 SqlExceptionHelper - Duplicate entry 'bob' for key 'members.PRIMARY'
[ERROR] 2023-06-20 14:38:06 SqlExceptionHelper - Duplicate entry 'bob' for key 'members.PRIMARY'
[ERROR] 2023-06-20 14:38:06 SqlExceptionHelper - Duplicate entry 'bob' for key 'members.PRIMARY'
[ERROR] 2023-06-20 14:38:06 SqlExceptionHelper - Duplicate entry 'bob' for key 'members.PRIMARY'
[ERROR] 2023-06-20 14:38:06 SqlExceptionHelper - Duplicate entry 'bob' for key 'members.PRIMARY'
[ERROR] 2023-06-20 14:38:07 SystemLogger - bob8 have Invalid password
[ERROR] 2023-06-20 14:38:07 SystemLogger - bob6 have Invalid password
[ERROR] 2023-06-20 14:38:07 SystemLogger - bob1 have Invalid password
[ERROR] 2023-06-20 14:38:07 SystemLogger - bob3 have Invalid password
[ERROR] 2023-06-20 14:38:07 SystemLogger - bob5 have Invalid password
[ERROR] 2023-06-20 14:38:08 SystemLogger - bob0 have Invalid password
[ERROR] 2023-06-20 14:38:08 SystemLogger - bob2 have Invalid password
[ERROR] 2023-06-20 14:38:08 SystemLogger - bob5 have Invalid password
[ERROR] 2023-06-20 14:38:08 SystemLogger - bob1 have Invalid password
[ERROR] 2023-06-20 14:38:57 SqlExceptionHelper - Duplicate entry '06' for key 'supplydetails.PRIMARY'
[ERROR] 2023-06-20 14:38:57 SystemLogger - newStore already exist
[ERROR] 2023-06-20 14:38:57 SystemLogger - newStore already exist
[ERROR] 2023-06-20 14:38:57 SystemLogger - newStore already exist
[ERROR] 2023-06-20 14:38:57 SystemLogger - newStore already exist
[ERROR] 2023-06-20 14:38:57 SystemLogger - newStore already exist
[ERROR] 2023-06-20 14:38:57 SystemLogger - newStore already exist
[ERROR] 2023-06-20 14:38:57 SystemLogger - newStore already exist
[ERROR] 2023-06-20 14:38:57 SystemLogger - newStore already exist
[ERROR] 2023-06-20 14:38:58 SystemLogger - newStore already exist
[ERROR] 2023-06-20 14:38:58 SystemLogger - Username already exists :bob
[ERROR] 2023-06-20 14:38:58 SystemLogger - Username already exists :bob
[ERROR] 2023-06-20 14:38:58 SqlExceptionHelper - Duplicate entry 'bob' for key 'members.PRIMARY'
[ERROR] 2023-06-20 14:38:58 SqlExceptionHelper - Duplicate entry 'bob' for key 'members.PRIMARY'
[ERROR] 2023-06-20 14:38:58 SqlExceptionHelper - Duplicate entry 'bob' for key 'members.PRIMARY'
[ERROR] 2023-06-20 14:38:58 SqlExceptionHelper - Duplicate entry 'bob' for key 'members.PRIMARY'
[ERROR] 2023-06-20 14:38:58 SqlExceptionHelper - Duplicate entry 'bob' for key 'members.PRIMARY'
[ERROR] 2023-06-20 14:38:58 SqlExceptionHelper - Duplicate entry 'bob' for key 'members.PRIMARY'
[ERROR] 2023-06-20 14:38:58 SqlExceptionHelper - Duplicate entry 'bob' for key 'members.PRIMARY'
[ERROR] 2023-06-20 14:38:59 SystemLogger - bob2 have Invalid password
[ERROR] 2023-06-20 14:38:59 SystemLogger - bob7 have Invalid password
[ERROR] 2023-06-20 14:38:59 SystemLogger - bob0 have Invalid password
[ERROR] 2023-06-20 14:38:59 SystemLogger - bob4 have Invalid password
[ERROR] 2023-06-20 14:39:00 SystemLogger - bob1 have Invalid password
[ERROR] 2023-06-20 14:39:00 SystemLogger - bob5 have Invalid password
[ERROR] 2023-06-20 14:39:00 SystemLogger - bob7 have Invalid password
[ERROR] 2023-06-20 14:39:00 SystemLogger - bob0 have Invalid password
[ERROR] 2023-06-20 14:39:00 SystemLogger - bob0 have Invalid password
[ERROR] 2023-06-20 14:39:00 SystemLogger - bob1 have Invalid password
[ERROR] 2023-06-20 14:39:00 SystemLogger - bob2 have Invalid password
[ERROR] 2023-06-20 14:39:00 SystemLogger - bob3 have Invalid password
[ERROR] 2023-06-20 14:40:48 SystemLogger - 3 have Invalid password
[ERROR] 2023-06-20 14:40:48 SystemLogger - newStore already exist
[ERROR] 2023-06-20 14:40:48 SystemLogger - newStore already exist
[ERROR] 2023-06-20 14:40:48 SystemLogger - newStore already exist
[ERROR] 2023-06-20 14:40:48 SystemLogger - newStore already exist
[ERROR] 2023-06-20 14:40:48 SystemLogger - newStore already exist
[ERROR] 2023-06-20 14:40:48 SystemLogger - 5 have Invalid password
[ERROR] 2023-06-20 14:40:48 SystemLogger - newStore already exist
[ERROR] 2023-06-20 14:40:48 SystemLogger - newStore already exist
[ERROR] 2023-06-20 14:40:48 SystemLogger - Username already exists :bob
[ERROR] 2023-06-20 14:40:48 SystemLogger - Username already exists :bob
[ERROR] 2023-06-20 14:40:48 SqlExceptionHelper - Duplicate entry 'bob' for key 'members.PRIMARY'
[ERROR] 2023-06-20 14:40:48 SqlExceptionHelper - Duplicate entry 'bob' for key 'members.PRIMARY'
[ERROR] 2023-06-20 14:40:48 SqlExceptionHelper - Duplicate entry 'bob' for key 'members.PRIMARY'
[ERROR] 2023-06-20 14:40:48 SqlExceptionHelper - Duplicate entry 'bob' for key 'members.PRIMARY'
[ERROR] 2023-06-20 14:40:48 SqlExceptionHelper - Duplicate entry 'bob' for key 'members.PRIMARY'
[ERROR] 2023-06-20 14:40:48 SqlExceptionHelper - Duplicate entry 'bob' for key 'members.PRIMARY'
[ERROR] 2023-06-20 14:40:48 SqlExceptionHelper - Duplicate entry 'bob' for key 'members.PRIMARY'
[ERROR] 2023-06-20 14:40:50 SystemLogger - bob8 have Invalid password
[ERROR] 2023-06-20 14:40:50 SystemLogger - bob4 have Invalid password
[ERROR] 2023-06-20 14:40:50 SystemLogger - bob0 have Invalid password
[ERROR] 2023-06-20 14:40:50 SystemLogger - bob3 have Invalid password
[ERROR] 2023-06-20 14:40:50 SystemLogger - bob5 have Invalid password
[ERROR] 2023-06-20 14:40:50 SystemLogger - bob9 have Invalid password
[ERROR] 2023-06-20 14:40:50 SystemLogger - bob1 have Invalid password
[ERROR] 2023-06-20 14:42:07 SystemLogger - bob1 have Invalid password
[ERROR] 2023-06-20 14:42:07 SystemLogger - bob0 have Invalid password
[ERROR] 2023-06-20 14:42:07 SqlExceptionHelper - Duplicate entry '06' for key 'supplydetails.PRIMARY'
[ERROR] 2023-06-20 14:42:07 SqlExceptionHelper - Duplicate entry '06' for key 'supplydetails.PRIMARY'
[ERROR] 2023-06-20 14:42:07 SqlExceptionHelper - Duplicate entry '06' for key 'supplydetails.PRIMARY'
[ERROR] 2023-06-20 14:42:07 SqlExceptionHelper - Duplicate entry '06' for key 'supplydetails.PRIMARY'
[ERROR] 2023-06-20 14:42:07 SqlExceptionHelper - Duplicate entry '06' for key 'supplydetails.PRIMARY'
[ERROR] 2023-06-20 14:42:07 SqlExceptionHelper - Duplicate entry '06' for key 'supplydetails.PRIMARY'
[ERROR] 2023-06-20 14:42:07 SqlExceptionHelper - Duplicate entry '06' for key 'supplydetails.PRIMARY'
[ERROR] 2023-06-20 14:42:07 SqlExceptionHelper - Duplicate entry '06' for key 'supplydetails.PRIMARY'
[ERROR] 2023-06-20 14:42:08 SystemLogger - newStore already exist
[ERROR] 2023-06-20 14:42:08 SystemLogger - newStore already exist
[ERROR] 2023-06-20 14:42:08 SystemLogger - newStore already exist
[ERROR] 2023-06-20 14:42:08 SystemLogger - newStore already exist
[ERROR] 2023-06-20 14:42:08 SystemLogger - newStore already exist
[ERROR] 2023-06-20 14:42:08 SystemLogger - newStore already exist
[ERROR] 2023-06-20 14:42:08 SystemLogger - newStore already exist
[ERROR] 2023-06-20 14:42:08 SystemLogger - newStore already exist
[ERROR] 2023-06-20 14:42:08 SystemLogger - newStore already exist
[ERROR] 2023-06-20 14:42:08 SystemLogger - Username already exists :bob
[ERROR] 2023-06-20 14:42:08 SystemLogger - Username already exists :bob
[ERROR] 2023-06-20 14:42:08 SqlExceptionHelper - Duplicate entry 'bob' for key 'members.PRIMARY'
[ERROR] 2023-06-20 14:42:08 SqlExceptionHelper - Duplicate entry 'bob' for key 'members.PRIMARY'
[ERROR] 2023-06-20 14:42:08 SqlExceptionHelper - Duplicate entry 'bob' for key 'members.PRIMARY'
[ERROR] 2023-06-20 14:42:08 SqlExceptionHelper - Duplicate entry 'bob' for key 'members.PRIMARY'
[ERROR] 2023-06-20 14:42:08 SqlExceptionHelper - Duplicate entry 'bob' for key 'members.PRIMARY'
[ERROR] 2023-06-20 14:42:08 SqlExceptionHelper - Duplicate entry 'bob' for key 'members.PRIMARY'
[ERROR] 2023-06-20 14:42:08 SqlExceptionHelper - Duplicate entry 'bob' for key 'members.PRIMARY'
[ERROR] 2023-06-20 14:42:09 SqlExceptionHelper - Duplicate entry '06' for key 'supplydetails.PRIMARY'
[ERROR] 2023-06-20 14:42:09 SystemLogger - bob4 have Invalid password
[ERROR] 2023-06-20 14:42:09 SqlExceptionHelper - Duplicate entry '06' for key 'supplydetails.PRIMARY'
[ERROR] 2023-06-20 14:42:09 SqlExceptionHelper - Duplicate entry '06' for key 'supplydetails.PRIMARY'
[ERROR] 2023-06-20 14:42:09 SystemLogger - bob2 have Invalid password
[ERROR] 2023-06-20 14:42:09 SystemLogger - bob5 have Invalid password
[ERROR] 2023-06-20 14:42:09 SqlExceptionHelper - Duplicate entry '06' for key 'supplydetails.PRIMARY'
[ERROR] 2023-06-20 14:42:09 SqlExceptionHelper - Duplicate entry '06' for key 'supplydetails.PRIMARY'
[ERROR] 2023-06-20 14:42:09 SqlExceptionHelper - Duplicate entry '06' for key 'supplydetails.PRIMARY'
[ERROR] 2023-06-20 14:42:10 SystemLogger - bob5 have Invalid password
[ERROR] 2023-06-20 14:42:10 SystemLogger - bob3 have Invalid password
[ERROR] 2023-06-20 14:42:10 SqlExceptionHelper - Duplicate entry '06' for key 'supplydetails.PRIMARY'
[ERROR] 2023-06-20 14:42:10 SqlExceptionHelper - Duplicate entry '06' for key 'supplydetails.PRIMARY'
[ERROR] 2023-06-20 14:42:10 SqlExceptionHelper - Duplicate entry '06' for key 'supplydetails.PRIMARY'
[ERROR] 2023-06-20 14:42:10 SqlExceptionHelper - Duplicate entry '06' for key 'supplydetails.PRIMARY'
[ERROR] 2023-06-20 14:42:10 SqlExceptionHelper - Duplicate entry '06' for key 'supplydetails.PRIMARY'
[ERROR] 2023-06-20 14:42:10 SqlExceptionHelper - Duplicate entry '06' for key 'supplydetails.PRIMARY'
[ERROR] 2023-06-20 14:42:10 SystemLogger - bob2 have Invalid password
[ERROR] 2023-06-20 14:42:10 SqlExceptionHelper - Duplicate entry '06' for key 'supplydetails.PRIMARY'
[ERROR] 2023-06-20 14:43:28 SqlExceptionHelper - Duplicate entry '06' for key 'supplydetails.PRIMARY'
[ERROR] 2023-06-20 14:43:28 SqlExceptionHelper - Duplicate entry '06' for key 'supplydetails.PRIMARY'
[ERROR] 2023-06-20 14:43:28 SqlExceptionHelper - Duplicate entry '06' for key 'supplydetails.PRIMARY'
[ERROR] 2023-06-20 14:43:28 SqlExceptionHelper - Duplicate entry '06' for key 'supplydetails.PRIMARY'
[ERROR] 2023-06-20 14:43:28 SqlExceptionHelper - Duplicate entry '06' for key 'supplydetails.PRIMARY'
[ERROR] 2023-06-20 14:43:28 SqlExceptionHelper - Duplicate entry '06' for key 'supplydetails.PRIMARY'
[ERROR] 2023-06-20 14:43:28 SqlExceptionHelper - Duplicate entry '06' for key 'supplydetails.PRIMARY'
[ERROR] 2023-06-20 14:43:28 SqlExceptionHelper - Duplicate entry '06' for key 'supplydetails.PRIMARY'
[ERROR] 2023-06-20 14:43:28 SqlExceptionHelper - Duplicate entry '06' for key 'supplydetails.PRIMARY'
[ERROR] 2023-06-20 14:43:28 SqlExceptionHelper - Duplicate entry '06' for key 'supplydetails.PRIMARY'
[ERROR] 2023-06-20 14:43:29 SystemLogger - newStore already exist
[ERROR] 2023-06-20 14:43:29 SystemLogger - newStore already exist
[ERROR] 2023-06-20 14:43:29 SystemLogger - newStore already exist
[ERROR] 2023-06-20 14:43:29 SystemLogger - newStore already exist
[ERROR] 2023-06-20 14:43:29 SystemLogger - newStore already exist
[ERROR] 2023-06-20 14:43:29 SystemLogger - newStore already exist
[ERROR] 2023-06-20 14:43:29 SystemLogger - newStore already exist
[ERROR] 2023-06-20 14:43:29 SystemLogger - newStore already exist
[ERROR] 2023-06-20 14:43:29 SystemLogger - newStore already exist
[ERROR] 2023-06-20 14:43:29 SystemLogger - Username already exists :bob
[ERROR] 2023-06-20 14:43:29 SystemLogger - Username already exists :bob
[ERROR] 2023-06-20 14:43:29 SqlExceptionHelper - Duplicate entry 'bob' for key 'members.PRIMARY'
[ERROR] 2023-06-20 14:43:29 SystemLogger - Username already exists :bob
[ERROR] 2023-06-20 14:43:29 SqlExceptionHelper - Duplicate entry 'bob' for key 'members.PRIMARY'
[ERROR] 2023-06-20 14:43:29 SqlExceptionHelper - Duplicate entry 'bob' for key 'members.PRIMARY'
[ERROR] 2023-06-20 14:43:29 SqlExceptionHelper - Duplicate entry 'bob' for key 'members.PRIMARY'
[ERROR] 2023-06-20 14:43:29 SqlExceptionHelper - Duplicate entry 'bob' for key 'members.PRIMARY'
[ERROR] 2023-06-20 14:43:29 SqlExceptionHelper - Duplicate entry 'bob' for key 'members.PRIMARY'
[ERROR] 2023-06-20 14:43:30 SystemLogger - bob1 have Invalid password
[ERROR] 2023-06-20 14:43:30 SqlExceptionHelper - Duplicate entry '06' for key 'supplydetails.PRIMARY'
[ERROR] 2023-06-20 14:43:30 SqlExceptionHelper - Duplicate entry '06' for key 'supplydetails.PRIMARY'
[ERROR] 2023-06-20 14:43:30 SqlExceptionHelper - Duplicate entry '06' for key 'supplydetails.PRIMARY'
[ERROR] 2023-06-20 14:43:30 SqlExceptionHelper - Duplicate entry '06' for key 'supplydetails.PRIMARY'
[ERROR] 2023-06-20 14:43:30 SqlExceptionHelper - Duplicate entry '06' for key 'supplydetails.PRIMARY'
[ERROR] 2023-06-20 14:43:30 SystemLogger - bob0 have Invalid password
[ERROR] 2023-06-20 14:43:30 SqlExceptionHelper - Duplicate entry '06' for key 'supplydetails.PRIMARY'
[ERROR] 2023-06-20 14:43:30 SqlExceptionHelper - Duplicate entry '06' for key 'supplydetails.PRIMARY'
[ERROR] 2023-06-20 14:43:31 SystemLogger - bob5 have Invalid password
[ERROR] 2023-06-20 14:43:31 SystemLogger - bob3 have Invalid password
[ERROR] 2023-06-20 14:43:31 SystemLogger - bob6 have Invalid password
[ERROR] 2023-06-20 14:43:31 SqlExceptionHelper - Duplicate entry '06' for key 'supplydetails.PRIMARY'
[ERROR] 2023-06-20 14:43:31 SqlExceptionHelper - Duplicate entry '06' for key 'supplydetails.PRIMARY'
[ERROR] 2023-06-20 14:43:31 SqlExceptionHelper - Duplicate entry '06' for key 'supplydetails.PRIMARY'
[ERROR] 2023-06-20 14:43:31 SqlExceptionHelper - Duplicate entry '06' for key 'supplydetails.PRIMARY'
[ERROR] 2023-06-20 14:43:31 SqlExceptionHelper - Duplicate entry '06' for key 'supplydetails.PRIMARY'
[ERROR] 2023-06-20 14:43:31 SystemLogger - bob7 have Invalid password
[ERROR] 2023-06-20 14:43:31 SqlExceptionHelper - Duplicate entry '06' for key 'supplydetails.PRIMARY'
[ERROR] 2023-06-20 14:43:31 SystemLogger - bob3 have Invalid password
[ERROR] 2023-06-20 14:43:31 SystemLogger - bob0 have Invalid password
[ERROR] 2023-06-20 14:44:07 SystemLogger - Purchase failed, cart is empty
[ERROR] 2023-06-20 14:44:07 SystemLogger - Purchase failed, cart is empty
[ERROR] 2023-06-20 14:44:07 SystemLogger - Purchase failed, cart is empty
[ERROR] 2023-06-20 14:44:07 SystemLogger - Purchase failed, cart is empty
[ERROR] 2023-06-20 14:44:07 SystemLogger - Purchase failed, cart is empty
[ERROR] 2023-06-20 14:44:07 SystemLogger - Purchase failed, cart is empty
[ERROR] 2023-06-20 14:44:07 SystemLogger - Purchase failed, cart is empty
[ERROR] 2023-06-20 14:44:07 SystemLogger - Purchase failed, cart is empty
[ERROR] 2023-06-20 14:44:07 SystemLogger - 4 have Invalid password
[ERROR] 2023-06-20 14:44:07 SystemLogger - newStore already exist
[ERROR] 2023-06-20 14:44:07 SystemLogger - newStore already exist
[ERROR] 2023-06-20 14:44:07 SystemLogger - newStore already exist
[ERROR] 2023-06-20 14:44:07 SystemLogger - newStore already exist
[ERROR] 2023-06-20 14:44:07 SystemLogger - newStore already exist
[ERROR] 2023-06-20 14:44:07 SystemLogger - newStore already exist
[ERROR] 2023-06-20 14:44:07 SystemLogger - 5 have Invalid password
[ERROR] 2023-06-20 14:44:07 SystemLogger - newStore already exist
[ERROR] 2023-06-20 14:44:07 SystemLogger - Username already exists :bob
[ERROR] 2023-06-20 14:44:07 SystemLogger - Username already exists :bob
[ERROR] 2023-06-20 14:44:07 SqlExceptionHelper - Duplicate entry 'bob' for key 'members.PRIMARY'
[ERROR] 2023-06-20 14:44:07 SqlExceptionHelper - Duplicate entry 'bob' for key 'members.PRIMARY'
[ERROR] 2023-06-20 14:44:07 SqlExceptionHelper - Duplicate entry 'bob' for key 'members.PRIMARY'
[ERROR] 2023-06-20 14:44:07 SqlExceptionHelper - Duplicate entry 'bob' for key 'members.PRIMARY'
[ERROR] 2023-06-20 14:44:07 SqlExceptionHelper - Duplicate entry 'bob' for key 'members.PRIMARY'
[ERROR] 2023-06-20 14:44:07 SqlExceptionHelper - Duplicate entry 'bob' for key 'members.PRIMARY'
[ERROR] 2023-06-20 14:44:07 SqlExceptionHelper - Duplicate entry 'bob' for key 'members.PRIMARY'
[ERROR] 2023-06-20 14:44:09 SystemLogger - bob3 have Invalid password
[ERROR] 2023-06-20 14:44:09 SystemLogger - bob1 have Invalid password
[ERROR] 2023-06-20 14:44:09 SystemLogger - bob0 have Invalid password
[ERROR] 2023-06-20 14:44:09 SystemLogger - Purchase failed, cart is empty
[ERROR] 2023-06-20 14:44:09 SystemLogger - Purchase failed, cart is empty
[ERROR] 2023-06-20 14:44:09 SystemLogger - Purchase failed, cart is empty
[ERROR] 2023-06-20 14:44:09 SystemLogger - Purchase failed, cart is empty
[ERROR] 2023-06-20 14:44:09 SystemLogger - Purchase failed, cart is empty
[ERROR] 2023-06-20 14:44:09 SystemLogger - bob0 have Invalid password
[ERROR] 2023-06-20 14:44:09 SystemLogger - bob1 have Invalid password
[ERROR] 2023-06-20 14:44:09 SystemLogger - bob2 have Invalid password
[ERROR] 2023-06-20 15:42:07 SystemLogger - Username already exists :yohane
[ERROR] 2023-06-20 15:42:07 SystemLogger - chika already logged in
[ERROR] 2023-06-20 15:42:07 SystemLogger - yohariko is not a member
[ERROR] 2023-06-20 15:42:07 SystemLogger - hanamaru have Invalid password
[ERROR] 2023-06-20 15:42:09 SystemLogger - 2 product doesnt exist
[ERROR] 2023-06-20 15:42:09 SystemLogger - 2 product doesnt exist
[ERROR] 2023-06-20 15:42:10 SystemLogger - this quantity -2 is less then 0
[ERROR] 2023-06-20 15:42:10 SystemLogger - this store is not exist : -1
[ERROR] 2023-06-20 15:42:10 SystemLogger - 1 product doesnt exist
[ERROR] 2023-06-20 15:42:10 SystemLogger - This store newStore is not existing in this cart
[ERROR] 2023-06-20 15:42:11 SystemLogger - this quantity -5 is less then 0
[ERROR] 2023-06-20 15:42:12 SystemLogger - couldn't find purchase policy of id1105
[ERROR] 2023-06-20 15:42:13 SystemLogger - Purchase failed, cart is empty
[ERROR] 2023-06-20 15:42:14 SystemLogger - this store is not exist : 4
[ERROR] 2023-06-20 15:42:14 SystemLogger - 4 product doesnt exist
[ERROR] 2023-06-20 15:42:15 SystemLogger - newee already exist
[ERROR] 2023-06-20 15:42:15 SystemLogger - alon12 not has a position in newStore store
[ERROR] 2023-06-20 15:42:15 SystemLogger - this store -1 is not existing
[ERROR] 2023-06-20 15:42:16 SystemLogger - Success to remove alon1 from market
[ERROR] 2023-06-20 15:42:16 SystemLogger - michael123 is not a member
[ERROR] 2023-06-20 15:42:16 SystemLogger - Success to remove shoham from market
[ERROR] 2023-06-20 15:42:16 SystemLogger - shoham is not a member
[ERROR] 2023-06-20 15:42:16 SystemLogger - alon12 not has a position in newStore store
[ERROR] 2023-06-20 15:42:16 SystemLogger - this store is not exist : 34432
[ERROR] 2023-06-20 15:42:16 SystemLogger - test already exist
[ERROR] 2023-06-20 15:42:17 SystemLogger - cannot set quantity to less then 0
[ERROR] 2023-06-20 15:42:17 SystemLogger - alon12 not has a position in newStore store
[ERROR] 2023-06-20 15:42:17 SystemLogger - 1 product doesnt exist
[ERROR] 2023-06-20 15:42:17 SystemLogger - alon12 not has a position in newStore3 store
[ERROR] 2023-06-20 15:42:18 SystemLogger - alon12 not has a position in newStore store
[ERROR] 2023-06-20 15:42:18 SystemLogger - 1 product doesnt exist
[ERROR] 2023-06-20 15:42:18 SystemLogger - 1 product doesnt exist
[ERROR] 2023-06-20 15:42:18 SystemLogger - 1 product doesnt exist
[ERROR] 2023-06-20 15:42:19 SystemLogger - this store is not exist : 3
[ERROR] 2023-06-20 15:42:19 SystemLogger - alon12 not has a position in newStore store
[ERROR] 2023-06-20 15:42:19 SystemLogger - this store is not exist : 1
[ERROR] 2023-06-20 15:42:19 SystemLogger - 1544 product doesnt exist
[ERROR] 2023-06-20 15:42:19 SystemLogger - Min quantity must be larger than 0 but is -1
[ERROR] 2023-06-20 15:42:20 SystemLogger - 1547 product doesnt exist
[ERROR] 2023-06-20 15:42:20 SystemLogger - this store is not exist : 1
[ERROR] 2023-06-20 15:42:20 SystemLogger - discount percentage illegal: 0.0
[ERROR] 2023-06-20 15:42:20 SystemLogger - this store is not exist : 1
[ERROR] 2023-06-20 15:42:20 SystemLogger - discount percentage illegal: 0.0
[ERROR] 2023-06-20 15:42:20 SystemLogger - discount percentage illegal: 1.1
[ERROR] 2023-06-20 15:42:20 SystemLogger - Category doesn't exist
[ERROR] 2023-06-20 15:42:20 SystemLogger - this store is not exist : 1
[ERROR] 2023-06-20 15:42:20 SystemLogger - discount percentage illegal: 0.0
[ERROR] 2023-06-20 15:42:21 SystemLogger - alon12 not has a position in newStore store
[ERROR] 2023-06-20 15:42:21 SystemLogger - alon123 is not a member
[ERROR] 2023-06-20 15:42:21 SystemLogger - the member is already have a different position in this store : newStore2
[ERROR] 2023-06-20 15:42:21 SystemLogger - alon12 not has a position in newStore store
[ERROR] 2023-06-20 15:42:22 SystemLogger - shoham not has a position in megaShop store
[ERROR] 2023-06-20 15:42:22 SystemLogger - store manager hasn't permission to perform this action
[ERROR] 2023-06-20 15:42:22 SystemLogger - alon123 is not a store owner
[ERROR] 2023-06-20 15:42:22 SystemLogger - alon1 not has a position in megaSport1 store
[ERROR] 2023-06-20 15:42:23 SystemLogger - alon123 is not a store owner
[ERROR] 2023-06-20 15:42:23 SystemLogger - shoham is not a store owner
[ERROR] 2023-06-20 15:42:23 SystemLogger - this store is not exist : -1
[ERROR] 2023-06-20 15:42:23 SystemLogger - alon1234 is not a member
[ERROR] 2023-06-20 15:42:23 SystemLogger - the member is already have a different position in this store : newStore
[ERROR] 2023-06-20 15:42:23 SystemLogger - alon12 not has a position in newStore store
[ERROR] 2023-06-20 15:42:24 SystemLogger - alon12 is not a member
[ERROR] 2023-06-20 15:43:51 SystemLogger - Username already exists :yohane
[ERROR] 2023-06-20 15:43:51 SystemLogger - chika already logged in
[ERROR] 2023-06-20 15:43:51 SystemLogger - hanamaru have Invalid username or password
[ERROR] 2023-06-20 15:43:54 SystemLogger - 2 product doesnt exist
[ERROR] 2023-06-20 15:43:54 SystemLogger - 2 product doesnt exist
[ERROR] 2023-06-20 15:43:54 SystemLogger - this quantity -2 is less then 0
[ERROR] 2023-06-20 15:43:54 SystemLogger - this store is not exist : -1
[ERROR] 2023-06-20 15:43:55 SystemLogger - 1 product doesnt exist
[ERROR] 2023-06-20 15:43:55 SystemLogger - This store newStore is not existing in this cart
[ERROR] 2023-06-20 15:43:55 SystemLogger - this quantity -5 is less then 0
[ERROR] 2023-06-20 15:43:56 SqlExceptionHelper - Field 'id' doesn't have a default value
[ERROR] 2023-06-20 15:43:56 SqlExceptionHelper - Field 'id' doesn't have a default value
[ERROR] 2023-06-20 15:43:56 SqlExceptionHelper - Field 'id' doesn't have a default value
[ERROR] 2023-06-20 15:43:57 SystemLogger - couldn't find purchase policy of id1155
[ERROR] 2023-06-20 15:43:57 SqlExceptionHelper - Field 'id' doesn't have a default value
[ERROR] 2023-06-20 15:43:57 SqlExceptionHelper - Field 'id' doesn't have a default value
[ERROR] 2023-06-20 15:43:57 SqlExceptionHelper - Field 'id' doesn't have a default value
[ERROR] 2023-06-20 15:43:57 SqlExceptionHelper - Field 'id' doesn't have a default value
[ERROR] 2023-06-20 15:43:57 SqlExceptionHelper - Field 'id' doesn't have a default value
[ERROR] 2023-06-20 15:43:58 SqlExceptionHelper - Field 'id' doesn't have a default value
[ERROR] 2023-06-20 15:43:58 SqlExceptionHelper - Field 'id' doesn't have a default value
[ERROR] 2023-06-20 15:43:58 SqlExceptionHelper - Field 'id' doesn't have a default value
[ERROR] 2023-06-20 15:43:58 SqlExceptionHelper - Field 'id' doesn't have a default value
[ERROR] 2023-06-20 15:43:59 SqlExceptionHelper - Field 'id' doesn't have a default value
[ERROR] 2023-06-20 15:43:59 SqlExceptionHelper - Field 'id' doesn't have a default value
[ERROR] 2023-06-20 15:43:59 SystemLogger - this store is not exist : 4
[ERROR] 2023-06-20 15:43:59 SystemLogger - 4 product doesnt exist
[ERROR] 2023-06-20 15:44:00 SystemLogger - newee already exist
[ERROR] 2023-06-20 15:44:00 SystemLogger - alon12 not has a position in newStore store
[ERROR] 2023-06-20 15:44:00 SystemLogger - this store -1 is not existing
[ERROR] 2023-06-20 15:44:00 SystemLogger - Success to remove alon1 from market
[ERROR] 2023-06-20 15:44:00 SystemLogger - michael123 is not a member
[ERROR] 2023-06-20 15:44:01 SystemLogger - Success to remove shoham from market
[ERROR] 2023-06-20 15:44:01 SystemLogger - shoham is not a member
[ERROR] 2023-06-20 15:44:01 SystemLogger - alon12 not has a position in newStore store
[ERROR] 2023-06-20 15:44:01 SystemLogger - this store is not exist : 34432
[ERROR] 2023-06-20 15:44:01 SystemLogger - test already exist
[ERROR] 2023-06-20 15:44:01 SystemLogger - cannot set quantity to less then 0
[ERROR] 2023-06-20 15:44:02 SystemLogger - alon12 not has a position in newStore store
[ERROR] 2023-06-20 15:44:02 SystemLogger - 1 product doesnt exist
[ERROR] 2023-06-20 15:44:02 SystemLogger - alon12 not has a position in newStore3 store
[ERROR] 2023-06-20 15:44:03 SystemLogger - alon12 not has a position in newStore store
[ERROR] 2023-06-20 15:44:03 SystemLogger - 1 product doesnt exist
[ERROR] 2023-06-20 15:44:03 SystemLogger - 1 product doesnt exist
[ERROR] 2023-06-20 15:44:04 SystemLogger - 1 product doesnt exist
[ERROR] 2023-06-20 15:44:04 SystemLogger - this store is not exist : 3
[ERROR] 2023-06-20 15:44:04 SystemLogger - alon12 not has a position in newStore store
[ERROR] 2023-06-20 15:44:04 SystemLogger - this store is not exist : 1
[ERROR] 2023-06-20 15:44:04 SystemLogger - 1618 product doesnt exist
[ERROR] 2023-06-20 15:44:04 SystemLogger - Min quantity must be larger than 0 but is -1
[ERROR] 2023-06-20 15:44:05 SqlExceptionHelper - Field 'id' doesn't have a default value
[ERROR] 2023-06-20 15:44:05 SqlExceptionHelper - Field 'id' doesn't have a default value
[ERROR] 2023-06-20 15:44:05 SystemLogger - 1621 product doesnt exist
[ERROR] 2023-06-20 15:44:05 SystemLogger - this store is not exist : 1
[ERROR] 2023-06-20 15:44:05 SystemLogger - discount percentage illegal: 0.0
[ERROR] 2023-06-20 15:44:05 SqlExceptionHelper - Field 'id' doesn't have a default value
[ERROR] 2023-06-20 15:44:05 SqlExceptionHelper - Field 'id' doesn't have a default value
[ERROR] 2023-06-20 15:44:05 SqlExceptionHelper - Field 'id' doesn't have a default value
[ERROR] 2023-06-20 15:44:05 SystemLogger - this store is not exist : 1
[ERROR] 2023-06-20 15:44:05 SystemLogger - discount percentage illegal: 0.0
[ERROR] 2023-06-20 15:44:05 SystemLogger - discount percentage illegal: 1.1
[ERROR] 2023-06-20 15:44:05 SqlExceptionHelper - Field 'id' doesn't have a default value
[ERROR] 2023-06-20 15:44:06 SqlExceptionHelper - Field 'id' doesn't have a default value
[ERROR] 2023-06-20 15:44:06 SystemLogger - Category doesn't exist
[ERROR] 2023-06-20 15:44:06 SystemLogger - this store is not exist : 1
[ERROR] 2023-06-20 15:44:06 SystemLogger - discount percentage illegal: 0.0
[ERROR] 2023-06-20 15:44:06 SqlExceptionHelper - Field 'id' doesn't have a default value
[ERROR] 2023-06-20 15:44:06 SystemLogger - alon12 not has a position in newStore store
[ERROR] 2023-06-20 15:44:06 SystemLogger - alon123 is not a member
[ERROR] 2023-06-20 15:44:06 SystemLogger - the member is already have a different position in this store : newStore2
[ERROR] 2023-06-20 15:44:06 SystemLogger - alon12 not has a position in newStore store
[ERROR] 2023-06-20 15:44:07 SystemLogger - shoham not has a position in megaShop store
[ERROR] 2023-06-20 15:44:07 SystemLogger - store manager hasn't permission to perform this action
[ERROR] 2023-06-20 15:44:07 SystemLogger - alon123 is not a store owner
[ERROR] 2023-06-20 15:44:08 SystemLogger - alon1 not has a position in megaSport1 store
[ERROR] 2023-06-20 15:44:08 SystemLogger - alon123 is not a store owner
[ERROR] 2023-06-20 15:44:08 SystemLogger - this store is not exist : -1
[ERROR] 2023-06-20 15:44:08 SystemLogger - alon1234 is not a member
[ERROR] 2023-06-20 15:44:09 SystemLogger - the member is already have a different position in this store : newStore
[ERROR] 2023-06-20 15:44:09 SystemLogger - alon12 not has a position in newStore store
[ERROR] 2023-06-20 16:09:45 SystemLogger - Username already exists :yohane
[ERROR] 2023-06-20 16:09:45 SystemLogger - chika already logged in
[ERROR] 2023-06-20 16:09:45 SystemLogger - yohariko is not a member
[ERROR] 2023-06-20 16:09:45 SystemLogger - hanamaru have Invalid password
[ERROR] 2023-06-20 16:09:48 SystemLogger - 2 product doesnt exist
[ERROR] 2023-06-20 16:09:48 SystemLogger - 2 product doesnt exist
[ERROR] 2023-06-20 16:09:48 SystemLogger - this quantity -2 is less then 0
[ERROR] 2023-06-20 16:09:49 SystemLogger - this store is not exist : -1
[ERROR] 2023-06-20 16:09:49 SystemLogger - 1 product doesnt exist
[ERROR] 2023-06-20 16:09:49 SystemLogger - This store newStore is not existing in this cart
[ERROR] 2023-06-20 16:09:50 SystemLogger - this quantity -5 is less then 0
[ERROR] 2023-06-20 16:09:51 SystemLogger - couldn't find purchase policy of id1205
[ERROR] 2023-06-20 16:09:52 SystemLogger - Purchase failed, cart is empty
[ERROR] 2023-06-20 16:09:53 SystemLogger - this store is not exist : 4
[ERROR] 2023-06-20 16:09:53 SystemLogger - 4 product doesnt exist
[ERROR] 2023-06-20 16:09:54 SystemLogger - newee already exist
[ERROR] 2023-06-20 16:09:54 SystemLogger - alon12 not has a position in newStore store
[ERROR] 2023-06-20 16:09:54 SystemLogger - this store -1 is not existing
[ERROR] 2023-06-20 16:09:55 SystemLogger - Success to remove alon1 from market
[ERROR] 2023-06-20 16:09:55 SystemLogger - michael123 is not a member
[ERROR] 2023-06-20 16:09:55 SystemLogger - Success to remove shoham from market
[ERROR] 2023-06-20 16:09:55 SystemLogger - shoham is not a member
[ERROR] 2023-06-20 16:09:55 SystemLogger - alon12 not has a position in newStore store
[ERROR] 2023-06-20 16:09:55 SystemLogger - this store is not exist : 34432
[ERROR] 2023-06-20 16:09:56 SystemLogger - test already exist
[ERROR] 2023-06-20 16:09:56 SystemLogger - cannot set quantity to less then 0
[ERROR] 2023-06-20 16:09:56 SystemLogger - alon12 not has a position in newStore store
[ERROR] 2023-06-20 16:09:56 SystemLogger - 1 product doesnt exist
[ERROR] 2023-06-20 16:09:56 SystemLogger - alon12 not has a position in newStore3 store
[ERROR] 2023-06-20 16:09:57 SystemLogger - alon12 not has a position in newStore store
[ERROR] 2023-06-20 16:09:57 SystemLogger - 1 product doesnt exist
[ERROR] 2023-06-20 16:09:57 SystemLogger - 1 product doesnt exist
[ERROR] 2023-06-20 16:09:58 SystemLogger - 1 product doesnt exist
[ERROR] 2023-06-20 16:09:58 SystemLogger - this store is not exist : 3
[ERROR] 2023-06-20 16:09:58 SystemLogger - alon12 not has a position in newStore store
[ERROR] 2023-06-20 16:09:59 SystemLogger - this store is not exist : 1
[ERROR] 2023-06-20 16:09:59 SystemLogger - 1692 product doesnt exist
[ERROR] 2023-06-20 16:09:59 SystemLogger - Min quantity must be larger than 0 but is -1
[ERROR] 2023-06-20 16:09:59 SystemLogger - 1695 product doesnt exist
[ERROR] 2023-06-20 16:09:59 SystemLogger - this store is not exist : 1
[ERROR] 2023-06-20 16:09:59 SystemLogger - discount percentage illegal: 0.0
[ERROR] 2023-06-20 16:10:00 SystemLogger - this store is not exist : 1
[ERROR] 2023-06-20 16:10:00 SystemLogger - discount percentage illegal: 0.0
[ERROR] 2023-06-20 16:10:00 SystemLogger - discount percentage illegal: 1.1
[ERROR] 2023-06-20 16:10:00 SystemLogger - Category doesn't exist
[ERROR] 2023-06-20 16:10:00 SystemLogger - this store is not exist : 1
[ERROR] 2023-06-20 16:10:00 SystemLogger - discount percentage illegal: 0.0
[ERROR] 2023-06-20 16:10:00 SystemLogger - alon12 not has a position in newStore store
[ERROR] 2023-06-20 16:10:00 SystemLogger - alon123 is not a member
[ERROR] 2023-06-20 16:10:01 SystemLogger - the member is already have a different position in this store : newStore2
[ERROR] 2023-06-20 16:10:01 SystemLogger - alon12 not has a position in newStore store
[ERROR] 2023-06-20 16:10:02 SystemLogger - shoham not has a position in megaShop store
[ERROR] 2023-06-20 16:10:02 SystemLogger - store manager hasn't permission to perform this action
[ERROR] 2023-06-20 16:10:02 SystemLogger - alon123 is not a store owner
[ERROR] 2023-06-20 16:10:02 SystemLogger - alon1 not has a position in megaSport1 store
[ERROR] 2023-06-20 16:10:02 SystemLogger - alon123 is not a store owner
[ERROR] 2023-06-20 16:10:02 SystemLogger - shoham is not a store owner
[ERROR] 2023-06-20 16:10:03 SystemLogger - this store is not exist : -1
[ERROR] 2023-06-20 16:10:03 SystemLogger - alon1234 is not a member
[ERROR] 2023-06-20 16:10:03 SystemLogger - the member is already have a different position in this store : newStore
[ERROR] 2023-06-20 16:10:03 SystemLogger - alon12 not has a position in newStore store
[ERROR] 2023-06-20 16:10:03 SystemLogger - alon12 is not a member
[ERROR] 2023-06-20 16:17:24 SystemLogger - Username already exists :yohane
[ERROR] 2023-06-20 16:17:25 SystemLogger - chika already logged in
[ERROR] 2023-06-20 16:17:25 SystemLogger - yohariko is not a member
[ERROR] 2023-06-20 16:17:25 SystemLogger - hanamaru have Invalid password
[ERROR] 2023-06-20 16:17:27 SystemLogger - 2 product doesnt exist
[ERROR] 2023-06-20 16:17:27 SystemLogger - 2 product doesnt exist
[ERROR] 2023-06-20 16:17:28 SystemLogger - this quantity -2 is less then 0
[ERROR] 2023-06-20 16:17:28 SystemLogger - this store is not exist : -1
[ERROR] 2023-06-20 16:17:28 SystemLogger - 1 product doesnt exist
[ERROR] 2023-06-20 16:17:28 SystemLogger - This store newStore is not existing in this cart
[ERROR] 2023-06-20 16:17:29 SystemLogger - this quantity -5 is less then 0
[ERROR] 2023-06-20 16:17:30 SystemLogger - couldn't find purchase policy of id1255
[ERROR] 2023-06-20 16:17:31 SystemLogger - Purchase failed, cart is empty
[ERROR] 2023-06-20 16:17:32 SystemLogger - this store is not exist : 4
[ERROR] 2023-06-20 16:17:32 SystemLogger - 4 product doesnt exist
[ERROR] 2023-06-20 16:17:33 SystemLogger - newee already exist
[ERROR] 2023-06-20 16:17:33 SystemLogger - alon12 not has a position in newStore store
[ERROR] 2023-06-20 16:17:33 SystemLogger - this store -1 is not existing
[ERROR] 2023-06-20 16:17:34 SystemLogger - Success to remove alon1 from market
[ERROR] 2023-06-20 16:17:34 SystemLogger - michael123 is not a member
[ERROR] 2023-06-20 16:17:34 SystemLogger - Success to remove shoham from market
[ERROR] 2023-06-20 16:17:34 SystemLogger - shoham is not a member
[ERROR] 2023-06-20 16:17:34 SystemLogger - alon12 not has a position in newStore store
[ERROR] 2023-06-20 16:17:34 SystemLogger - this store is not exist : 34432
[ERROR] 2023-06-20 16:17:34 SystemLogger - test already exist
[ERROR] 2023-06-20 16:17:35 SystemLogger - cannot set quantity to less then 0
[ERROR] 2023-06-20 16:17:35 SystemLogger - alon12 not has a position in newStore store
[ERROR] 2023-06-20 16:17:35 SystemLogger - 1 product doesnt exist
[ERROR] 2023-06-20 16:17:35 SystemLogger - alon12 not has a position in newStore3 store
[ERROR] 2023-06-20 16:17:36 SystemLogger - alon12 not has a position in newStore store
[ERROR] 2023-06-20 16:17:36 SystemLogger - 1 product doesnt exist
[ERROR] 2023-06-20 16:17:36 SystemLogger - 1 product doesnt exist
[ERROR] 2023-06-20 16:17:36 SystemLogger - 1 product doesnt exist
[ERROR] 2023-06-20 16:17:37 SystemLogger - this store is not exist : 3
[ERROR] 2023-06-20 16:17:37 SystemLogger - alon12 not has a position in newStore store
[ERROR] 2023-06-20 16:17:37 SystemLogger - this store is not exist : 1
[ERROR] 2023-06-20 16:17:37 SystemLogger - 1766 product doesnt exist
[ERROR] 2023-06-20 16:17:37 SystemLogger - Min quantity must be larger than 0 but is -1
[ERROR] 2023-06-20 16:17:38 SystemLogger - 1769 product doesnt exist
[ERROR] 2023-06-20 16:17:38 SystemLogger - this store is not exist : 1
[ERROR] 2023-06-20 16:17:38 SystemLogger - discount percentage illegal: 0.0
[ERROR] 2023-06-20 16:17:38 SystemLogger - this store is not exist : 1
[ERROR] 2023-06-20 16:17:38 SystemLogger - discount percentage illegal: 0.0
[ERROR] 2023-06-20 16:17:38 SystemLogger - discount percentage illegal: 1.1
[ERROR] 2023-06-20 16:17:39 SystemLogger - Category doesn't exist
[ERROR] 2023-06-20 16:17:39 SystemLogger - this store is not exist : 1
[ERROR] 2023-06-20 16:17:39 SystemLogger - discount percentage illegal: 0.0
[ERROR] 2023-06-20 16:17:39 SystemLogger - alon12 not has a position in newStore store
[ERROR] 2023-06-20 16:17:39 SystemLogger - alon123 is not a member
[ERROR] 2023-06-20 16:17:39 SystemLogger - the member is already have a different position in this store : newStore2
[ERROR] 2023-06-20 16:17:39 SystemLogger - alon12 not has a position in newStore store
[ERROR] 2023-06-20 16:17:40 SystemLogger - shoham not has a position in megaShop store
[ERROR] 2023-06-20 16:17:40 SystemLogger - store manager hasn't permission to perform this action
[ERROR] 2023-06-20 16:17:40 SystemLogger - alon123 is not a store owner
[ERROR] 2023-06-20 16:17:40 SystemLogger - alon1 not has a position in megaSport1 store
[ERROR] 2023-06-20 16:17:41 SystemLogger - alon123 is not a store owner
[ERROR] 2023-06-20 16:17:41 SystemLogger - shoham is not a store owner
[ERROR] 2023-06-20 16:17:41 SystemLogger - this store is not exist : -1
[ERROR] 2023-06-20 16:17:41 SystemLogger - alon1234 is not a member
[ERROR] 2023-06-20 16:17:41 SystemLogger - the member is already have a different position in this store : newStore
[ERROR] 2023-06-20 16:17:41 SystemLogger - alon12 not has a position in newStore store
[ERROR] 2023-06-20 16:17:42 SystemLogger - alon12 is not a member
[ERROR] 2023-06-20 16:18:22 SystemLogger - newStore already exist
[ERROR] 2023-06-20 16:18:22 SystemLogger - 7 have Invalid password
[ERROR] 2023-06-20 16:18:22 SystemLogger - newStore already exist
[ERROR] 2023-06-20 16:18:22 SystemLogger - newStore already exist
[ERROR] 2023-06-20 16:18:22 SystemLogger - newStore already exist
[ERROR] 2023-06-20 16:18:22 SystemLogger - newStore already exist
[ERROR] 2023-06-20 16:18:22 SystemLogger - newStore already exist
[ERROR] 2023-06-20 16:18:22 SystemLogger - newStore already exist
[ERROR] 2023-06-20 16:18:22 SystemLogger - 1 have Invalid password
[ERROR] 2023-06-20 16:18:22 SystemLogger - Username already exists :bob
[ERROR] 2023-06-20 16:18:22 SystemLogger - Username already exists :bob
[ERROR] 2023-06-20 16:18:22 SqlExceptionHelper - Duplicate entry 'bob' for key 'members.PRIMARY'
[ERROR] 2023-06-20 16:18:22 SqlExceptionHelper - Duplicate entry 'bob' for key 'members.PRIMARY'
[ERROR] 2023-06-20 16:18:22 SqlExceptionHelper - Duplicate entry 'bob' for key 'members.PRIMARY'
[ERROR] 2023-06-20 16:18:22 SqlExceptionHelper - Duplicate entry 'bob' for key 'members.PRIMARY'
[ERROR] 2023-06-20 16:18:22 SqlExceptionHelper - Duplicate entry 'bob' for key 'members.PRIMARY'
[ERROR] 2023-06-20 16:18:22 SqlExceptionHelper - Duplicate entry 'bob' for key 'members.PRIMARY'
[ERROR] 2023-06-20 16:18:22 SqlExceptionHelper - Duplicate entry 'bob' for key 'members.PRIMARY'
[ERROR] 2023-06-20 16:18:25 SystemLogger - bob0 have Invalid password
[ERROR] 2023-06-20 16:19:40 SystemLogger - bob3 have Invalid password
[ERROR] 2023-06-20 16:19:40 SystemLogger - bob0 have Invalid password
[ERROR] 2023-06-20 23:37:28 SystemLogger - Username already exists :yohane
[ERROR] 2023-06-20 23:37:28 SystemLogger - chika already logged in
[ERROR] 2023-06-20 23:37:28 SystemLogger - yohariko is not a member
[ERROR] 2023-06-20 23:37:29 SystemLogger - hanamaru have Invalid password
[ERROR] 2023-06-20 23:37:31 SystemLogger - 2 product doesnt exist
[ERROR] 2023-06-20 23:37:31 SystemLogger - 2 product doesnt exist
[ERROR] 2023-06-20 23:37:31 SystemLogger - this quantity -2 is less then 0
[ERROR] 2023-06-20 23:37:32 SystemLogger - this store is not exist : -1
[ERROR] 2023-06-20 23:37:32 SystemLogger - 1 product doesnt exist
[ERROR] 2023-06-20 23:37:32 SystemLogger - This store newStore is not existing in this cart
[ERROR] 2023-06-20 23:37:33 SystemLogger - this quantity -5 is less then 0
[ERROR] 2023-06-20 23:37:34 SystemLogger - couldn't find purchase policy of id4
[ERROR] 2023-06-20 23:37:35 SystemLogger - Purchase failed, cart is empty
[ERROR] 2023-06-20 23:37:36 SystemLogger - this store is not exist : 4
[ERROR] 2023-06-20 23:37:36 SystemLogger - 4 product doesnt exist
[ERROR] 2023-06-20 23:37:37 SystemLogger - newee already exist
[ERROR] 2023-06-20 23:37:37 SystemLogger - alon12 not has a position in newStore store
[ERROR] 2023-06-20 23:37:37 SystemLogger - this store -1 is not existing
[ERROR] 2023-06-20 23:37:38 SystemLogger - Success to remove alon1 from market
[ERROR] 2023-06-20 23:37:38 SystemLogger - michael123 is not a member
[ERROR] 2023-06-20 23:37:38 SystemLogger - Success to remove shoham from market
[ERROR] 2023-06-20 23:37:38 SystemLogger - shoham is not a member
[ERROR] 2023-06-20 23:37:38 SystemLogger - alon12 not has a position in newStore store
[ERROR] 2023-06-20 23:37:39 SystemLogger - this store is not exist : 34432
[ERROR] 2023-06-20 23:37:39 SystemLogger - test already exist
[ERROR] 2023-06-20 23:37:39 SystemLogger - cannot set quantity to less then 0
[ERROR] 2023-06-20 23:37:39 SystemLogger - alon12 not has a position in newStore store
[ERROR] 2023-06-20 23:37:39 SystemLogger - 1 product doesnt exist
[ERROR] 2023-06-20 23:37:40 SystemLogger - alon12 not has a position in newStore3 store
[ERROR] 2023-06-20 23:37:40 SystemLogger - alon12 not has a position in newStore store
[ERROR] 2023-06-20 23:37:41 SystemLogger - 1 product doesnt exist
[ERROR] 2023-06-20 23:37:41 SystemLogger - 1 product doesnt exist
[ERROR] 2023-06-20 23:37:41 SystemLogger - 1 product doesnt exist
[ERROR] 2023-06-20 23:37:41 SystemLogger - this store is not exist : 3
[ERROR] 2023-06-20 23:37:41 SystemLogger - alon12 not has a position in newStore store
[ERROR] 2023-06-20 23:37:42 SystemLogger - this store is not exist : 1
[ERROR] 2023-06-20 23:37:42 SystemLogger - 69 product doesnt exist
[ERROR] 2023-06-20 23:37:42 SystemLogger - Min quantity must be larger than 0 but is -1
[ERROR] 2023-06-20 23:37:42 SystemLogger - 72 product doesnt exist
[ERROR] 2023-06-20 23:37:42 SystemLogger - this store is not exist : 1
[ERROR] 2023-06-20 23:37:42 SystemLogger - discount percentage illegal: 0.0
[ERROR] 2023-06-20 23:37:43 SystemLogger - this store is not exist : 1
[ERROR] 2023-06-20 23:37:43 SystemLogger - discount percentage illegal: 0.0
[ERROR] 2023-06-20 23:37:43 SystemLogger - discount percentage illegal: 1.1
[ERROR] 2023-06-20 23:37:43 SystemLogger - Category doesn't exist
[ERROR] 2023-06-20 23:37:43 SystemLogger - this store is not exist : 1
[ERROR] 2023-06-20 23:37:43 SystemLogger - discount percentage illegal: 0.0
[ERROR] 2023-06-20 23:37:44 SystemLogger - alon12 not has a position in newStore store
[ERROR] 2023-06-20 23:37:44 SystemLogger - alon123 is not a member
[ERROR] 2023-06-20 23:37:44 SystemLogger - the member is already have a different position in this store : newStore2
[ERROR] 2023-06-20 23:37:44 SystemLogger - alon12 not has a position in newStore store
[ERROR] 2023-06-20 23:37:45 SystemLogger - shoham not has a position in megaShop store
[ERROR] 2023-06-20 23:37:45 SystemLogger - store manager hasn't permission to perform this action
[ERROR] 2023-06-20 23:37:45 SystemLogger - alon123 is not a store owner
[ERROR] 2023-06-20 23:37:45 SystemLogger - alon1 not has a position in megaSport1 store
[ERROR] 2023-06-20 23:37:46 SystemLogger - alon123 is not a store owner
[ERROR] 2023-06-20 23:37:46 SystemLogger - shoham is not a store owner
[ERROR] 2023-06-20 23:37:46 SystemLogger - this store is not exist : -1
[ERROR] 2023-06-20 23:37:46 SystemLogger - alon1234 is not a member
[ERROR] 2023-06-20 23:37:46 SystemLogger - the member is already have a different position in this store : newStore
[ERROR] 2023-06-20 23:37:47 SystemLogger - alon12 not has a position in newStore store
[ERROR] 2023-06-20 23:37:47 SystemLogger - alon12 is not a member
[ERROR] 2023-06-20 23:49:02 SystemLogger - cannot remove member with positions in the market
[ERROR] 2023-06-20 23:50:54 SystemLogger - Success to remove U6 from market
[ERROR] 2023-06-20 23:53:34 SystemLogger - Success to remove U6 from market
[ERROR] 2023-06-20 23:54:56 SystemLogger - this store manager hasn't permission to get the purchase's History
[ERROR] 2023-06-20 23:55:55 SystemLogger - this store manager hasn't permission to get the purchase's History
