[ERROR] 2023-05-01 16:58:34 SystemLogger - chika the user did not passed authenticate check and logged in to the system
[ERROR] 2023-05-01 16:58:35 SystemLogger - chika the user did not passed authenticate check and logged in to the system
[ERROR] 2023-05-01 17:02:36 SystemLogger - yohariko have Invalid username or password
[ERROR] 2023-05-01 17:02:43 SystemLogger - hanamaru have Invalid username or password
[ERROR] 2023-05-01 17:03:42 SystemLogger - this store is not exist : 4
[ERROR] 2023-05-01 17:03:43 SystemLogger - 4 product doesnt exist
[ERROR] 2023-05-01 17:03:46 SystemLogger - yohariko have Invalid username or password
[ERROR] 2023-05-01 17:03:48 SystemLogger - hanamaru have Invalid username or password
[ERROR] 2023-05-01 17:03:49 SystemLogger - Username already exists :yohane
[ERROR] 2023-05-01 17:03:49 SystemLogger - Username already exists :sarah
[ERROR] 2023-05-01 17:03:51 SystemLogger - yohariko have Invalid username or password
[ERROR] 2023-05-01 17:03:52 SystemLogger - hanamaru have Invalid username or password
[ERROR] 2023-05-01 17:03:57 SystemLogger - 2 product doesnt exist
[ERROR] 2023-05-01 17:03:57 SystemLogger - 2 product doesnt exist
[ERROR] 2023-05-01 17:03:59 SystemLogger - 1 product doesnt exist
[ERROR] 2023-05-01 17:04:03 SystemLogger - this store is not exist : 4
[ERROR] 2023-05-01 17:04:04 SystemLogger - 4 product doesnt exist
[ERROR] 2023-05-01 17:04:05 SystemLogger - Username already exists :yohane
[ERROR] 2023-05-01 17:04:05 SystemLogger - Username already exists :sarah
[ERROR] 2023-05-01 17:04:07 SystemLogger - yohariko have Invalid username or password
[ERROR] 2023-05-01 17:04:08 SystemLogger - hanamaru have Invalid username or password
[ERROR] 2023-05-01 17:04:13 SystemLogger - 2 product doesnt exist
[ERROR] 2023-05-01 17:04:13 SystemLogger - 2 product doesnt exist
[ERROR] 2023-05-01 17:04:14 SystemLogger - 1 product doesnt exist
[ERROR] 2023-05-01 17:04:17 SystemLogger - this store is not exist : 4
[ERROR] 2023-05-01 17:04:18 SystemLogger - 4 product doesnt exist
[ERROR] 2023-05-01 17:04:23 SystemLogger - 2 product doesnt exist
[ERROR] 2023-05-01 17:04:23 SystemLogger - 2 product doesnt exist
[ERROR] 2023-05-01 17:20:33 SystemLogger - Username already exists :yohane
[ERROR] 2023-05-01 17:20:33 SystemLogger - Username already exists :sarah
[ERROR] 2023-05-01 17:20:34 SystemLogger - yohariko have Invalid username or password
[ERROR] 2023-05-01 17:20:35 SystemLogger - hanamaru have Invalid username or password
[ERROR] 2023-05-01 17:20:40 SystemLogger - 2 product doesnt exist
[ERROR] 2023-05-01 17:20:40 SystemLogger - 2 product doesnt exist
[ERROR] 2023-05-01 17:20:41 SystemLogger - this quantity -2 is less then 0
[ERROR] 2023-05-01 17:20:42 SystemLogger - 1 product doesnt exist
[ERROR] 2023-05-01 17:20:43 SystemLogger - this store newStore is not existing in this cart
[ERROR] 2023-05-01 17:20:43 SystemLogger - this quantity -5 is less then 0
[ERROR] 2023-05-01 17:20:45 SystemLogger - this store is not exist : 4
[ERROR] 2023-05-01 17:20:45 SystemLogger - 4 product doesnt exist
[ERROR] 2023-05-01 17:22:22 SystemLogger - Username already exists :yohane
[ERROR] 2023-05-01 17:22:22 SystemLogger - Username already exists :sarah
[ERROR] 2023-05-01 17:22:24 SystemLogger - yohariko have Invalid username or password
[ERROR] 2023-05-01 17:22:25 SystemLogger - hanamaru have Invalid username or password
[ERROR] 2023-05-01 17:22:28 SystemLogger - 2 product doesnt exist
[ERROR] 2023-05-01 17:22:28 SystemLogger - 2 product doesnt exist
[ERROR] 2023-05-01 17:22:29 SystemLogger - this quantity -2 is less then 0
[ERROR] 2023-05-01 17:22:30 SystemLogger - 1 product doesnt exist
[ERROR] 2023-05-01 17:22:31 SystemLogger - this store newStore is not existing in this cart
[ERROR] 2023-05-01 17:22:31 SystemLogger - this quantity -5 is less then 0
[ERROR] 2023-05-01 17:22:33 SystemLogger - this store is not exist : 4
[ERROR] 2023-05-01 17:22:33 SystemLogger - 4 product doesnt exist
[ERROR] 2023-05-01 17:23:03 SystemLogger - Username already exists :yohane
[ERROR] 2023-05-01 17:23:03 SystemLogger - Username already exists :sarah
[ERROR] 2023-05-01 17:23:05 SystemLogger - yohariko have Invalid username or password
[ERROR] 2023-05-01 17:23:12 SystemLogger - hanamaru have Invalid username or password
[ERROR] 2023-05-01 17:29:05 SystemLogger - Username already exists :yohane
[ERROR] 2023-05-01 17:29:05 SystemLogger - Username already exists :sarah
[ERROR] 2023-05-01 17:29:06 SystemLogger - yohariko have Invalid username or password
[ERROR] 2023-05-01 17:29:08 SystemLogger - hanamaru have Invalid username or password
[ERROR] 2023-05-01 17:29:08 SystemLogger - missslk is not exist in the system
[ERROR] 2023-05-01 17:29:09 SystemLogger - no product with this substring fo is not exist in the system
[ERROR] 2023-05-01 17:29:10 SystemLogger - no product with this substring milksss is not exist in the system
[ERROR] 2023-05-01 17:29:11 SystemLogger - frozensss category is not exist in the system
[ERROR] 2023-05-01 17:29:12 SystemLogger - 2 product doesnt exist
[ERROR] 2023-05-01 17:29:12 SystemLogger - 2 product doesnt exist
[ERROR] 2023-05-01 17:29:12 SystemLogger - this quantity -2 is less then 0
[ERROR] 2023-05-01 17:29:13 SystemLogger - 1 product doesnt exist
[ERROR] 2023-05-01 17:29:13 SystemLogger - this store newStore is not existing in this cart
[ERROR] 2023-05-01 17:29:14 SystemLogger - this quantity -5 is less then 0
[ERROR] 2023-05-01 17:29:15 SystemLogger - this store is not exist : 4
[ERROR] 2023-05-01 17:29:16 SystemLogger - 4 product doesnt exist
[ERROR] 2023-05-01 17:33:44 SystemLogger - Username already exists :yohane
[ERROR] 2023-05-01 17:33:44 SystemLogger - Username already exists :sarah
[ERROR] 2023-05-01 17:33:46 SystemLogger - yohariko have Invalid username or password
[ERROR] 2023-05-01 17:33:47 SystemLogger - hanamaru have Invalid username or password
[ERROR] 2023-05-01 17:33:47 SystemLogger - missslk is not exist in the system
[ERROR] 2023-05-01 17:33:48 SystemLogger - no product with this substring fo is not exist in the system
[ERROR] 2023-05-01 17:33:48 SystemLogger - no product with this substring milksss is not exist in the system
[ERROR] 2023-05-01 17:33:50 SystemLogger - frozensss category is not exist in the system
[ERROR] 2023-05-01 17:33:50 SystemLogger - 2 product doesnt exist
[ERROR] 2023-05-01 17:33:50 SystemLogger - 2 product doesnt exist
[ERROR] 2023-05-01 17:33:51 SystemLogger - this quantity -2 is less then 0
[ERROR] 2023-05-01 17:33:52 SystemLogger - 1 product doesnt exist
[ERROR] 2023-05-01 17:33:53 SystemLogger - this store newStore is not existing in this cart
[ERROR] 2023-05-01 17:33:53 SystemLogger - this quantity -5 is less then 0
[ERROR] 2023-05-01 17:33:54 SystemLogger - this store is not exist : 4
[ERROR] 2023-05-01 17:33:55 SystemLogger - 4 product doesnt exist
[ERROR] 2023-05-01 17:49:28 SystemLogger - Member not has a position in this store newStore
[ERROR] 2023-05-01 17:51:11 SystemLogger - Member not has a position in this store newStore
[ERROR] 2023-05-01 17:54:46 SystemLogger - this store is not exist : 1
[ERROR] 2023-05-01 17:56:19 SystemLogger - this store is not exist : 1
[ERROR] 2023-05-01 18:00:20 SystemLogger - Username already exists :yohane
[ERROR] 2023-05-01 18:00:20 SystemLogger - Username already exists :sarah
[ERROR] 2023-05-01 18:00:22 SystemLogger - yohariko have Invalid username or password
[ERROR] 2023-05-01 18:00:23 SystemLogger - hanamaru have Invalid username or password
[ERROR] 2023-05-01 18:00:26 SystemLogger - 2 product doesnt exist
[ERROR] 2023-05-01 18:00:26 SystemLogger - 2 product doesnt exist
[ERROR] 2023-05-01 18:00:27 SystemLogger - this quantity -2 is less then 0
[ERROR] 2023-05-01 18:00:28 SystemLogger - 1 product doesnt exist
[ERROR] 2023-05-01 18:00:28 SystemLogger - this store newStore is not existing in this cart
[ERROR] 2023-05-01 18:00:29 SystemLogger - this quantity -5 is less then 0
[ERROR] 2023-05-01 18:00:30 SystemLogger - this store is not exist : 4
[ERROR] 2023-05-01 18:00:31 SystemLogger - 4 product doesnt exist
[ERROR] 2023-05-01 18:00:33 SystemLogger - Member not has a position in this store newStore
[ERROR] 2023-05-01 18:00:35 SystemLogger - this store is not exist : 34432
[ERROR] 2023-05-01 18:00:36 SystemLogger - this store is not exist : 1
[ERROR] 2023-05-01 18:00:36 SystemLogger - this store is not exist : 1
[ERROR] 2023-05-01 18:00:36 SystemLogger - this store is not exist : 1
[ERROR] 2023-05-01 18:00:37 SystemLogger - this store is not exist : 1
[ERROR] 2023-05-01 18:00:37 SystemLogger - this store is not exist : 1
[ERROR] 2023-05-01 18:00:38 SystemLogger - 1 product doesnt exist
[ERROR] 2023-05-01 18:00:38 SystemLogger - Member not has a position in this store newStore3
[ERROR] 2023-05-01 18:00:41 SystemLogger - 1 product doesnt exist
[ERROR] 2023-05-01 18:00:43 SystemLogger - 1 product doesnt exist
[ERROR] 2023-05-01 18:00:44 SystemLogger - this store is not exist : 3
[ERROR] 2023-05-01 18:00:44 SystemLogger - Member not has a position in this store newStore
[ERROR] 2023-05-01 18:00:45 SystemLogger - Member not has a position in this store newStore
[ERROR] 2023-05-01 18:00:46 SystemLogger - the member is already have a different position in this store : newStore2
[ERROR] 2023-05-01 18:00:47 SystemLogger - Member not has a position in this store newStore
[ERROR] 2023-05-01 18:00:48 SystemLogger - the member is already have a different position in this store : newStore2
[ERROR] 2023-05-01 18:00:48 SystemLogger - alon have Invalid username or password
[ERROR] 2023-05-01 18:00:48 SystemLogger - alon12 have Invalid username or password
[ERROR] 2023-05-01 18:00:49 SystemLogger - alon have Invalid username or password
[ERROR] 2023-05-01 18:03:51 SystemLogger - Username already exists :yohane
[ERROR] 2023-05-01 18:03:51 SystemLogger - Username already exists :sarah
[ERROR] 2023-05-01 18:03:53 SystemLogger - yohariko have Invalid username or password
[ERROR] 2023-05-01 18:03:54 SystemLogger - hanamaru have Invalid username or password
[ERROR] 2023-05-01 18:03:59 SystemLogger - 2 product doesnt exist
[ERROR] 2023-05-01 18:03:59 SystemLogger - 2 product doesnt exist
[ERROR] 2023-05-01 18:03:59 SystemLogger - this quantity -2 is less then 0
[ERROR] 2023-05-01 18:04:00 SystemLogger - this store is not exist : 4
[ERROR] 2023-05-01 18:04:00 SystemLogger - 1 product doesnt exist
[ERROR] 2023-05-01 18:04:01 SystemLogger - this store newStore is not existing in this cart
[ERROR] 2023-05-01 18:04:02 SystemLogger - this quantity -5 is less then 0
[ERROR] 2023-05-01 18:04:03 SystemLogger - this store is not exist : 4
[ERROR] 2023-05-01 18:04:03 SystemLogger - 4 product doesnt exist
[ERROR] 2023-05-01 18:04:06 SystemLogger - Member not has a position in this store newStore
[ERROR] 2023-05-01 18:04:08 SystemLogger - this store is not exist : 34432
[ERROR] 2023-05-01 18:04:08 SystemLogger - this store is not exist : 1
[ERROR] 2023-05-01 18:04:08 SystemLogger - this store is not exist : 1
[ERROR] 2023-05-01 18:04:09 SystemLogger - this store is not exist : 1
[ERROR] 2023-05-01 18:04:09 SystemLogger - this store is not exist : 1
[ERROR] 2023-05-01 18:04:10 SystemLogger - this store is not exist : 1
[ERROR] 2023-05-01 18:04:11 SystemLogger - 1 product doesnt exist
[ERROR] 2023-05-01 18:04:11 SystemLogger - Member not has a position in this store newStore3
[ERROR] 2023-05-01 18:04:14 SystemLogger - 1 product doesnt exist
[ERROR] 2023-05-01 18:04:16 SystemLogger - 1 product doesnt exist
[ERROR] 2023-05-01 18:04:17 SystemLogger - this store is not exist : 3
[ERROR] 2023-05-01 18:04:18 SystemLogger - Member not has a position in this store newStore
[ERROR] 2023-05-01 18:04:18 SystemLogger - Member not has a position in this store newStore
[ERROR] 2023-05-01 18:04:19 SystemLogger - the member is already have a different position in this store : newStore2
[ERROR] 2023-05-01 18:04:21 SystemLogger - Member not has a position in this store newStore
[ERROR] 2023-05-01 18:04:22 SystemLogger - the member is already have a different position in this store : newStore2
[ERROR] 2023-05-01 18:04:22 SystemLogger - alon have Invalid username or password
[ERROR] 2023-05-01 18:04:22 SystemLogger - alon12 have Invalid username or password
[ERROR] 2023-05-01 18:04:23 SystemLogger - alon have Invalid username or password
[ERROR] 2023-05-01 18:04:46 SystemLogger - Username already exists :yohane
[ERROR] 2023-05-01 18:04:46 SystemLogger - Username already exists :sarah
[ERROR] 2023-05-01 18:04:48 SystemLogger - yohariko have Invalid username or password
[ERROR] 2023-05-01 18:04:49 SystemLogger - hanamaru have Invalid username or password
[ERROR] 2023-05-01 18:05:21 SystemLogger - this store is not exist : 7000
[ERROR] 2023-05-01 18:06:28 SystemLogger - this store is not exist : -1
[ERROR] 2023-05-01 18:07:53 SystemLogger - this store is not exist : -1
[ERROR] 2023-05-01 18:08:09 SystemLogger - Username already exists :yohane
[ERROR] 2023-05-01 18:08:09 SystemLogger - Username already exists :sarah
[ERROR] 2023-05-01 18:08:11 SystemLogger - yohariko have Invalid username or password
[ERROR] 2023-05-01 18:08:12 SystemLogger - hanamaru have Invalid username or password
[ERROR] 2023-05-01 18:08:16 SystemLogger - 2 product doesnt exist
[ERROR] 2023-05-01 18:08:16 SystemLogger - 2 product doesnt exist
[ERROR] 2023-05-01 18:08:16 SystemLogger - this quantity -2 is less then 0
[ERROR] 2023-05-01 18:08:16 SystemLogger - this store is not exist : -1
[ERROR] 2023-05-01 18:08:17 SystemLogger - 1 product doesnt exist
[ERROR] 2023-05-01 18:08:18 SystemLogger - this store newStore is not existing in this cart
[ERROR] 2023-05-01 18:08:18 SystemLogger - this quantity -5 is less then 0
[ERROR] 2023-05-01 18:08:20 SystemLogger - this store is not exist : 4
[ERROR] 2023-05-01 18:08:20 SystemLogger - 4 product doesnt exist
[ERROR] 2023-05-01 18:08:23 SystemLogger - Member not has a position in this store newStore
[ERROR] 2023-05-01 18:08:25 SystemLogger - this store is not exist : 34432
[ERROR] 2023-05-01 18:08:25 SystemLogger - this store is not exist : 1
[ERROR] 2023-05-01 18:08:25 SystemLogger - this store is not exist : 1
[ERROR] 2023-05-01 18:08:26 SystemLogger - this store is not exist : 1
[ERROR] 2023-05-01 18:08:26 SystemLogger - this store is not exist : 1
[ERROR] 2023-05-01 18:08:27 SystemLogger - this store is not exist : 1
[ERROR] 2023-05-01 18:08:28 SystemLogger - 1 product doesnt exist
[ERROR] 2023-05-01 18:08:28 SystemLogger - Member not has a position in this store newStore3
[ERROR] 2023-05-01 18:08:31 SystemLogger - 1 product doesnt exist
[ERROR] 2023-05-01 18:08:32 SystemLogger - 1 product doesnt exist
[ERROR] 2023-05-01 18:08:33 SystemLogger - this store is not exist : 3
[ERROR] 2023-05-01 18:08:34 SystemLogger - Member not has a position in this store newStore
[ERROR] 2023-05-01 18:08:35 SystemLogger - Member not has a position in this store newStore
[ERROR] 2023-05-01 18:08:36 SystemLogger - the member is already have a different position in this store : newStore2
[ERROR] 2023-05-01 18:08:37 SystemLogger - Member not has a position in this store newStore
[ERROR] 2023-05-01 18:08:37 SystemLogger - the member is already have a different position in this store : newStore2
[ERROR] 2023-05-01 18:08:38 SystemLogger - alon have Invalid username or password
[ERROR] 2023-05-01 18:08:38 SystemLogger - alon12 have Invalid username or password
[ERROR] 2023-05-01 18:08:38 SystemLogger - alon have Invalid username or password
[ERROR] 2023-05-01 18:08:56 SystemLogger - Username already exists :yohane
[ERROR] 2023-05-01 18:08:56 SystemLogger - Username already exists :sarah
[ERROR] 2023-05-01 18:08:58 SystemLogger - yohariko have Invalid username or password
[ERROR] 2023-05-01 18:08:59 SystemLogger - hanamaru have Invalid username or password
[ERROR] 2023-05-01 18:09:03 SystemLogger - 2 product doesnt exist
[ERROR] 2023-05-01 18:09:03 SystemLogger - 2 product doesnt exist
[ERROR] 2023-05-01 18:09:03 SystemLogger - this quantity -2 is less then 0
[ERROR] 2023-05-01 18:09:03 SystemLogger - this store is not exist : -1
[ERROR] 2023-05-01 18:09:04 SystemLogger - 1 product doesnt exist
[ERROR] 2023-05-01 18:09:05 SystemLogger - this store newStore is not existing in this cart
[ERROR] 2023-05-01 18:09:10 SystemLogger - this quantity -5 is less then 0
[ERROR] 2023-05-01 18:15:15 SystemLogger - Username already exists :yohane
[ERROR] 2023-05-01 18:15:15 SystemLogger - Username already exists :sarah
[ERROR] 2023-05-01 18:15:16 SystemLogger - yohariko have Invalid username or password
[ERROR] 2023-05-01 18:15:17 SystemLogger - hanamaru have Invalid username or password
[ERROR] 2023-05-01 18:15:21 SystemLogger - 2 product doesnt exist
[ERROR] 2023-05-01 18:15:21 SystemLogger - 2 product doesnt exist
[ERROR] 2023-05-01 18:15:22 SystemLogger - this quantity -2 is less then 0
[ERROR] 2023-05-01 18:15:22 SystemLogger - this store is not exist : -1
[ERROR] 2023-05-01 18:15:22 SystemLogger - 1 product doesnt exist
[ERROR] 2023-05-01 18:15:23 SystemLogger - this store newStore is not existing in this cart
[ERROR] 2023-05-01 18:15:23 SystemLogger - this quantity -5 is less then 0
[ERROR] 2023-05-01 18:15:25 SystemLogger - this store is not exist : 4
[ERROR] 2023-05-01 18:15:25 SystemLogger - 4 product doesnt exist
[ERROR] 2023-05-01 18:15:28 SystemLogger - Member not has a position in this store newStore
[ERROR] 2023-05-01 18:15:30 SystemLogger - this store is not exist : 34432
[ERROR] 2023-05-01 18:15:31 SystemLogger - this store is not exist : 1
[ERROR] 2023-05-01 18:15:31 SystemLogger - this store is not exist : 1
[ERROR] 2023-05-01 18:16:02 SystemLogger - this store is not exist : 34432
[ERROR] 2023-05-01 18:16:03 SystemLogger - this store is not exist : 1
[ERROR] 2023-05-01 18:16:03 SystemLogger - this store is not exist : 1
[ERROR] 2023-05-01 18:16:03 SystemLogger - this store is not exist : 1
[ERROR] 2023-05-01 18:16:04 SystemLogger - this store is not exist : 1
[ERROR] 2023-05-01 18:16:04 SystemLogger - this store is not exist : 1
[ERROR] 2023-05-01 18:16:05 SystemLogger - 1 product doesnt exist
[ERROR] 2023-05-01 18:16:06 SystemLogger - Member not has a position in this store newStore3
[ERROR] 2023-05-01 18:16:10 SystemLogger - 1 product doesnt exist
[ERROR] 2023-05-01 18:16:11 SystemLogger - 1 product doesnt exist
[ERROR] 2023-05-01 18:16:12 SystemLogger - this store is not exist : 3
[ERROR] 2023-05-01 18:16:13 SystemLogger - Member not has a position in this store newStore
[ERROR] 2023-05-01 18:17:31 SystemLogger - Member not has a position in this store newStore
[ERROR] 2023-05-01 18:17:33 SystemLogger - this store is not exist : 34432
[ERROR] 2023-05-01 18:17:33 SystemLogger - this store is not exist : 1
[ERROR] 2023-05-01 18:17:33 SystemLogger - this store is not exist : 1
[ERROR] 2023-05-01 18:17:34 SystemLogger - this store is not exist : 1
[ERROR] 2023-05-01 18:17:34 SystemLogger - this store is not exist : 1
[ERROR] 2023-05-01 18:17:35 SystemLogger - this store is not exist : 1
[ERROR] 2023-05-01 18:17:36 SystemLogger - 1 product doesnt exist
[ERROR] 2023-05-01 18:17:36 SystemLogger - Member not has a position in this store newStore3
[ERROR] 2023-05-01 18:17:39 SystemLogger - 1 product doesnt exist
[ERROR] 2023-05-01 18:17:40 SystemLogger - 1 product doesnt exist
[ERROR] 2023-05-01 18:17:42 SystemLogger - this store is not exist : 3
[ERROR] 2023-05-01 18:17:42 SystemLogger - Member not has a position in this store newStore
[ERROR] 2023-05-01 18:18:46 SystemLogger - Member not has a position in this store newStore
[ERROR] 2023-05-01 18:18:47 SystemLogger - this store is not exist : 34432
[ERROR] 2023-05-01 18:18:48 SystemLogger - this store is not exist : 1
[ERROR] 2023-05-01 18:18:48 SystemLogger - this store is not exist : 1
[ERROR] 2023-05-01 18:19:11 SystemLogger - this store is not exist : 1
[ERROR] 2023-05-01 18:19:35 SystemLogger - Member not has a position in this store newStore
[ERROR] 2023-05-01 18:19:36 SystemLogger - this store is not exist : 34432
[ERROR] 2023-05-01 18:20:01 SystemLogger - this store is not exist : 1
[ERROR] 2023-05-01 18:20:01 SystemLogger - this store is not exist : 1
[ERROR] 2023-05-01 18:25:48 SystemLogger - Member not has a position in this store newStore
[ERROR] 2023-05-01 18:25:50 SystemLogger - this store is not exist : 34432
[ERROR] 2023-05-01 18:25:51 SystemLogger - test already exist
[ERROR] 2023-05-01 18:25:53 SystemLogger - Member not has a position in this store newStore
[ERROR] 2023-05-01 18:25:54 SystemLogger - 1 product doesnt exist
[ERROR] 2023-05-01 18:25:54 SystemLogger - Member not has a position in this store newStore3
[ERROR] 2023-05-01 18:25:58 SystemLogger - 1 product doesnt exist
[ERROR] 2023-05-01 18:26:00 SystemLogger - 1 product doesnt exist
[ERROR] 2023-05-01 18:26:02 SystemLogger - this store is not exist : 3
[ERROR] 2023-05-01 18:26:03 SystemLogger - Member not has a position in this store newStore
[ERROR] 2023-05-01 18:27:18 SystemLogger - Member not has a position in this store newStore
[ERROR] 2023-05-01 18:27:19 SystemLogger - this store is not exist : 34432
[ERROR] 2023-05-01 18:27:20 SystemLogger - test already exist
[ERROR] 2023-05-01 18:27:21 SystemLogger - Member not has a position in this store newStore
[ERROR] 2023-05-01 18:27:22 SystemLogger - 1 product doesnt exist
[ERROR] 2023-05-01 18:27:26 SystemLogger - 1 product doesnt exist
[ERROR] 2023-05-01 18:27:27 SystemLogger - 1 product doesnt exist
[ERROR] 2023-05-01 18:27:29 SystemLogger - this store is not exist : 3
[ERROR] 2023-05-01 18:27:30 SystemLogger - Member not has a position in this store newStore
[ERROR] 2023-05-01 18:28:23 SystemLogger - Member not has a position in this store newStore
[ERROR] 2023-05-01 18:28:24 SystemLogger - this store is not exist : 34432
[ERROR] 2023-05-01 18:28:24 SystemLogger - test already exist
[ERROR] 2023-05-01 18:28:26 SystemLogger - Member not has a position in this store newStore
[ERROR] 2023-05-01 18:28:27 SystemLogger - 1 product doesnt exist
[ERROR] 2023-05-01 18:28:30 SystemLogger - 1 product doesnt exist
[ERROR] 2023-05-01 18:28:33 SystemLogger - 1 product doesnt exist
[ERROR] 2023-05-01 18:28:36 SystemLogger - this store is not exist : 3
[ERROR] 2023-05-01 18:28:37 SystemLogger - Member not has a position in this store newStore
[ERROR] 2023-05-01 18:28:55 SystemLogger - Member not has a position in this store newStore
[ERROR] 2023-05-01 18:28:56 SystemLogger - this store is not exist : 34432
[ERROR] 2023-05-01 18:28:57 SystemLogger - test already exist
[ERROR] 2023-05-01 18:29:04 SystemLogger - Member not has a position in this store newStore
[ERROR] 2023-05-01 18:29:05 SystemLogger - 1 product doesnt exist
[ERROR] 2023-05-01 18:31:21 SystemLogger - Member not has a position in this store newStore
[ERROR] 2023-05-01 18:31:22 SystemLogger - this store is not exist : 34432
[ERROR] 2023-05-01 18:31:22 SystemLogger - test already exist
[ERROR] 2023-05-01 18:31:24 SystemLogger - Member not has a position in this store newStore
[ERROR] 2023-05-01 18:31:25 SystemLogger - 1 product doesnt exist
[ERROR] 2023-05-01 18:31:25 SystemLogger - Member not has a position in this store newStore3
[ERROR] 2023-05-01 18:31:28 SystemLogger - 1 product doesnt exist
[ERROR] 2023-05-01 18:31:29 SystemLogger - 1 product doesnt exist
[ERROR] 2023-05-01 18:31:32 SystemLogger - 1 product doesnt exist
[ERROR] 2023-05-01 18:31:36 SystemLogger - this store is not exist : 3
[ERROR] 2023-05-01 18:31:39 SystemLogger - Member not has a position in this store newStore
[ERROR] 2023-05-01 18:35:01 SystemLogger - Member not has a position in this store newStore
[ERROR] 2023-05-01 18:35:02 SystemLogger - this store is not exist : 34432
[ERROR] 2023-05-01 18:35:03 SystemLogger - test already exist
[ERROR] 2023-05-01 18:35:04 SystemLogger - Member not has a position in this store newStore
[ERROR] 2023-05-01 18:35:05 SystemLogger - 1 product doesnt exist
[ERROR] 2023-05-01 18:35:06 SystemLogger - Member not has a position in this store newStore3
[ERROR] 2023-05-01 18:35:09 SystemLogger - 1 product doesnt exist
[ERROR] 2023-05-01 18:35:09 SystemLogger - 1 product doesnt exist
[ERROR] 2023-05-01 18:35:10 SystemLogger - 1 product doesnt exist
[ERROR] 2023-05-01 18:35:12 SystemLogger - this store is not exist : 3
[ERROR] 2023-05-01 18:35:12 SystemLogger - Member not has a position in this store newStore
[ERROR] 2023-05-01 18:36:00 SystemLogger - Member not has a position in this store newStore
[ERROR] 2023-05-01 18:36:02 SystemLogger - this store is not exist : 34432
[ERROR] 2023-05-01 18:36:02 SystemLogger - test already exist
[ERROR] 2023-05-01 18:36:04 SystemLogger - Member not has a position in this store newStore
[ERROR] 2023-05-01 18:36:05 SystemLogger - 1 product doesnt exist
[ERROR] 2023-05-01 18:36:05 SystemLogger - Member not has a position in this store newStore3
[ERROR] 2023-05-01 18:36:08 SystemLogger - 1 product doesnt exist
[ERROR] 2023-05-01 18:36:09 SystemLogger - 1 product doesnt exist
[ERROR] 2023-05-01 18:36:10 SystemLogger - 1 product doesnt exist
[ERROR] 2023-05-01 18:36:12 SystemLogger - this store is not exist : 3
[ERROR] 2023-05-01 18:36:12 SystemLogger - Member not has a position in this store newStore
[ERROR] 2023-05-01 18:37:11 SystemLogger - Member not has a position in this store newStore
[ERROR] 2023-05-01 18:37:12 SystemLogger - this store is not exist : 34432
[ERROR] 2023-05-01 18:37:13 SystemLogger - test already exist
[ERROR] 2023-05-01 18:37:14 SystemLogger - Member not has a position in this store newStore
[ERROR] 2023-05-01 18:37:15 SystemLogger - 1 product doesnt exist
[ERROR] 2023-05-01 18:37:16 SystemLogger - Member not has a position in this store newStore3
[ERROR] 2023-05-01 18:37:19 SystemLogger - 1 product doesnt exist
[ERROR] 2023-05-01 18:37:20 SystemLogger - 1 product doesnt exist
[ERROR] 2023-05-01 18:37:21 SystemLogger - 1 product doesnt exist
[ERROR] 2023-05-01 18:37:22 SystemLogger - this store is not exist : 3
[ERROR] 2023-05-01 18:37:23 SystemLogger - Member not has a position in this store newStore
[ERROR] 2023-05-01 18:38:13 SystemLogger - Member not has a position in this store newStore
[ERROR] 2023-05-01 18:38:14 SystemLogger - this store is not exist : 34432
[ERROR] 2023-05-01 18:38:15 SystemLogger - test already exist
[ERROR] 2023-05-01 18:38:17 SystemLogger - Member not has a position in this store newStore
[ERROR] 2023-05-01 18:38:18 SystemLogger - 1 product doesnt exist
[ERROR] 2023-05-01 18:38:19 SystemLogger - Member not has a position in this store newStore3
[ERROR] 2023-05-01 18:38:22 SystemLogger - 1 product doesnt exist
[ERROR] 2023-05-01 18:38:23 SystemLogger - 1 product doesnt exist
[ERROR] 2023-05-01 18:38:23 SystemLogger - 1 product doesnt exist
[ERROR] 2023-05-01 18:38:25 SystemLogger - this store is not exist : 3
[ERROR] 2023-05-01 18:38:25 SystemLogger - Member not has a position in this store newStore
[ERROR] 2023-05-01 18:39:12 SystemLogger - Member not has a position in this store newStore
[ERROR] 2023-05-01 18:39:13 SystemLogger - this store is not exist : 34432
[ERROR] 2023-05-01 18:39:13 SystemLogger - test already exist
[ERROR] 2023-05-01 18:39:15 SystemLogger - Member not has a position in this store newStore
[ERROR] 2023-05-01 18:39:16 SystemLogger - 1 product doesnt exist
[ERROR] 2023-05-01 18:39:16 SystemLogger - Member not has a position in this store newStore3
[ERROR] 2023-05-01 18:39:18 SystemLogger - Member not has a position in this store newStore
[ERROR] 2023-05-01 18:39:19 SystemLogger - 1 product doesnt exist
[ERROR] 2023-05-01 18:39:20 SystemLogger - 1 product doesnt exist
[ERROR] 2023-05-01 18:39:21 SystemLogger - 1 product doesnt exist
[ERROR] 2023-05-01 18:39:22 SystemLogger - this store is not exist : 3
[ERROR] 2023-05-01 18:39:23 SystemLogger - Member not has a position in this store newStore
[ERROR] 2023-05-01 18:43:10 SystemLogger - Member not has a position in this store newStore
[ERROR] 2023-05-01 18:43:12 SystemLogger - this store is not exist : 34432
[ERROR] 2023-05-01 18:43:13 SystemLogger - test already exist
[ERROR] 2023-05-01 18:43:14 SystemLogger - Member not has a position in this store newStore
[ERROR] 2023-05-01 18:43:15 SystemLogger - 1 product doesnt exist
[ERROR] 2023-05-01 18:43:16 SystemLogger - Member not has a position in this store newStore3
[ERROR] 2023-05-01 18:43:19 SystemLogger - Member not has a position in this store newStore
[ERROR] 2023-05-01 18:43:20 SystemLogger - 1 product doesnt exist
[ERROR] 2023-05-01 18:43:21 SystemLogger - 1 product doesnt exist
[ERROR] 2023-05-01 18:43:22 SystemLogger - 1 product doesnt exist
[ERROR] 2023-05-01 18:43:24 SystemLogger - this store is not exist : 3
[ERROR] 2023-05-01 18:43:24 SystemLogger - Member not has a position in this store newStore
[ERROR] 2023-05-01 18:46:34 SystemLogger - Member not has a position in this store newStore
[ERROR] 2023-05-01 18:46:35 SystemLogger - this store is not exist : 34432
[ERROR] 2023-05-01 18:46:36 SystemLogger - test already exist
[ERROR] 2023-05-01 18:46:37 SystemLogger - Member not has a position in this store newStore
[ERROR] 2023-05-01 18:46:38 SystemLogger - 1 product doesnt exist
[ERROR] 2023-05-01 18:46:38 SystemLogger - Member not has a position in this store newStore3
[ERROR] 2023-05-01 18:46:40 SystemLogger - Member not has a position in this store newStore
[ERROR] 2023-05-01 18:46:41 SystemLogger - 1 product doesnt exist
[ERROR] 2023-05-01 18:46:42 SystemLogger - 1 product doesnt exist
[ERROR] 2023-05-01 18:46:43 SystemLogger - 1 product doesnt exist
[ERROR] 2023-05-01 18:46:44 SystemLogger - this store is not exist : 3
[ERROR] 2023-05-01 18:46:44 SystemLogger - Member not has a position in this store newStore
[ERROR] 2023-05-01 18:47:09 SystemLogger - Username already exists :yohane
[ERROR] 2023-05-01 18:47:09 SystemLogger - Username already exists :sarah
[ERROR] 2023-05-01 18:47:12 SystemLogger - yohariko have Invalid username or password
[ERROR] 2023-05-01 18:47:13 SystemLogger - hanamaru have Invalid username or password
[ERROR] 2023-05-01 18:47:17 SystemLogger - 2 product doesnt exist
[ERROR] 2023-05-01 18:47:17 SystemLogger - 2 product doesnt exist
[ERROR] 2023-05-01 18:47:18 SystemLogger - this quantity -2 is less then 0
[ERROR] 2023-05-01 18:47:18 SystemLogger - this store is not exist : -1
[ERROR] 2023-05-01 18:47:19 SystemLogger - 1 product doesnt exist
[ERROR] 2023-05-01 18:47:20 SystemLogger - this store newStore is not existing in this cart
[ERROR] 2023-05-01 18:47:20 SystemLogger - this quantity -5 is less then 0
[ERROR] 2023-05-01 18:47:22 SystemLogger - this store is not exist : 4
[ERROR] 2023-05-01 18:47:22 SystemLogger - 4 product doesnt exist
[ERROR] 2023-05-01 18:47:25 SystemLogger - Member not has a position in this store newStore
[ERROR] 2023-05-01 18:47:26 SystemLogger - Member not has a position in this store newStore
[ERROR] 2023-05-01 18:47:27 SystemLogger - this store is not exist : 34432
[ERROR] 2023-05-01 18:47:28 SystemLogger - test already exist
[ERROR] 2023-05-01 18:47:29 SystemLogger - Member not has a position in this store newStore
[ERROR] 2023-05-01 18:47:30 SystemLogger - 1 product doesnt exist
[ERROR] 2023-05-01 18:47:31 SystemLogger - Member not has a position in this store newStore3
[ERROR] 2023-05-01 18:47:33 SystemLogger - Member not has a position in this store newStore
[ERROR] 2023-05-01 18:47:33 SystemLogger - 1 product doesnt exist
[ERROR] 2023-05-01 18:47:34 SystemLogger - 1 product doesnt exist
[ERROR] 2023-05-01 18:47:35 SystemLogger - 1 product doesnt exist
[ERROR] 2023-05-01 18:47:36 SystemLogger - this store is not exist : 3
[ERROR] 2023-05-01 18:47:37 SystemLogger - Member not has a position in this store newStore
[ERROR] 2023-05-01 18:47:37 SystemLogger - Member not has a position in this store newStore
[ERROR] 2023-05-01 18:47:38 SystemLogger - the member is already have a different position in this store : newStore2
[ERROR] 2023-05-01 18:47:40 SystemLogger - Member not has a position in this store newStore
[ERROR] 2023-05-01 18:47:40 SystemLogger - the member is already have a different position in this store : newStore2
[ERROR] 2023-05-01 18:47:42 SystemLogger - alon have Invalid username or password
[ERROR] 2023-05-01 18:47:42 SystemLogger - alon12 have Invalid username or password
[ERROR] 2023-05-01 18:47:42 SystemLogger - alon have Invalid username or password
[ERROR] 2023-05-01 18:49:10 SystemLogger - Username already exists :yohane
[ERROR] 2023-05-01 18:49:10 SystemLogger - Username already exists :sarah
[ERROR] 2023-05-01 18:49:13 SystemLogger - yohariko have Invalid username or password
[ERROR] 2023-05-01 18:49:14 SystemLogger - hanamaru have Invalid username or password
[ERROR] 2023-05-01 18:49:19 SystemLogger - 2 product doesnt exist
[ERROR] 2023-05-01 18:49:19 SystemLogger - 2 product doesnt exist
[ERROR] 2023-05-01 18:49:19 SystemLogger - this quantity -2 is less then 0
[ERROR] 2023-05-01 18:49:19 SystemLogger - this store is not exist : -1
[ERROR] 2023-05-01 18:49:20 SystemLogger - 1 product doesnt exist
[ERROR] 2023-05-01 18:49:21 SystemLogger - this store newStore is not existing in this cart
[ERROR] 2023-05-01 18:49:21 SystemLogger - this quantity -5 is less then 0
[ERROR] 2023-05-01 18:49:23 SystemLogger - this store is not exist : 4
[ERROR] 2023-05-01 18:49:23 SystemLogger - 4 product doesnt exist
[ERROR] 2023-05-01 18:49:26 SystemLogger - Member not has a position in this store newStore
[ERROR] 2023-05-01 18:49:27 SystemLogger - Member not has a position in this store newStore
[ERROR] 2023-05-01 18:49:28 SystemLogger - this store is not exist : 34432
[ERROR] 2023-05-01 18:49:28 SystemLogger - test already exist
[ERROR] 2023-05-01 18:49:29 SystemLogger - Member not has a position in this store newStore
[ERROR] 2023-05-01 18:49:30 SystemLogger - 1 product doesnt exist
[ERROR] 2023-05-01 18:49:31 SystemLogger - Member not has a position in this store newStore3
[ERROR] 2023-05-01 18:49:33 SystemLogger - Member not has a position in this store newStore
[ERROR] 2023-05-01 18:49:34 SystemLogger - 1 product doesnt exist
[ERROR] 2023-05-01 18:49:34 SystemLogger - 1 product doesnt exist
[ERROR] 2023-05-01 18:49:35 SystemLogger - 1 product doesnt exist
[ERROR] 2023-05-01 18:49:37 SystemLogger - this store is not exist : 3
[ERROR] 2023-05-01 18:49:37 SystemLogger - Member not has a position in this store newStore
[ERROR] 2023-05-01 18:49:38 SystemLogger - Member not has a position in this store newStore
[ERROR] 2023-05-01 18:49:38 SystemLogger - alon123 is not a member
[ERROR] 2023-05-01 18:49:39 SystemLogger - the member is already have a different position in this store : newStore2
[ERROR] 2023-05-01 18:49:40 SystemLogger - Member not has a position in this store newStore
[ERROR] 2023-05-01 18:49:41 SystemLogger - the member is already have a different position in this store : newStore2
[ERROR] 2023-05-01 18:49:42 SystemLogger - alon have Invalid username or password
[ERROR] 2023-05-01 18:49:42 SystemLogger - alon12 have Invalid username or password
[ERROR] 2023-05-01 18:49:42 SystemLogger - alon have Invalid username or password
